<?xml version="1.0" encoding="UTF-8"?>
<testsuite name="api.stock.stock.api.ipo.IpoServiceTest" tests="3" skipped="0" failures="0" errors="0" timestamp="2023-11-23T12:44:46" hostname="oduhoui-MacBookAir.local" time="0.383">
  <properties/>
  <testcase name="getFavorList()" classname="api.stock.stock.api.ipo.IpoServiceTest" time="0.297"/>
  <testcase name="getIpo()" classname="api.stock.stock.api.ipo.IpoServiceTest" time="0.019"/>
  <testcase name="getIpoList()" classname="api.stock.stock.api.ipo.IpoServiceTest" time="0.067"/>
  <system-out><![CDATA[2023-11-23T21:44:46.004+09:00  INFO 76955 --- [    Test worker] t.c.s.AnnotationConfigContextLoaderUtils : Could not detect default configuration classes for test class [api.stock.stock.api.ipo.IpoServiceTest]: IpoServiceTest does not declare any static, non-private, non-final, nested classes annotated with @Configuration.
2023-11-23T21:44:46.009+09:00  INFO 76955 --- [    Test worker] .b.t.c.SpringBootTestContextBootstrapper : Found @SpringBootConfiguration api.stock.stock.StockApplication for test class api.stock.stock.api.ipo.IpoServiceTest
2023-11-23T21:44:46.300+09:00  INFO 76955 --- [    Test worker] api.stock.stock.api.ipo.IpoServiceTest   : getFavorTest: [IpoEntity(id=654062354f75e80c5930bac8, ipoName=교보스팩15호, ipoCode=465320, owner=김상도, locate=서울 영등포구 여의도동 26-4번지, seed=31 (백만원), business=그 외 기타 금융 지원 서비스업, ipoQuantity=3,500,000 주, faceValue=100 원, collusion=2,000 ~ 2,000 원, chief=교보증권, compete=, commit=0.00%, date=2023.11.23  ~   2023.11.24, publicDate=, sale=[], profit=[], pureProfit=[], protect=310,000 주, protectPercent=8.14 %, possible=3,500,000 주, possiblePercent=91.86 %, sharedQuantity=3,810,000 주, finalCollusion=2,000), IpoEntity(id=655755c63c765889e1118e8f, ipoName=하나스팩30호, ipoCode=469880, owner=전신웅, locate=서울특별시 영등포구 의사당대로 82 (여의도동, 하나증권빌딩), seed=30 (백만원), business=그 외 기타 금융 지원 서비스업, ipoQuantity=7,000,000 주, faceValue=100 원, collusion=2,000 ~ 2,000 원, chief=하나증권, compete=, commit=0.00%, date=2023.12.13  ~   2023.12.14, publicDate=null, sale=[811,123, 1,133,720, 900,507], profit=[65,371, 73,985, 72,532], pureProfit=[34,384, 27,182, 39,821], protect=4,451,404 주, protectPercent=75.94 %, possible=1,410,000 주, possiblePercent=24.06 %, sharedQuantity=5,861,404 주, finalCollusion=-)]
2023-11-23T21:44:46.389+09:00  INFO 76955 --- [    Test worker] api.stock.stock.api.ipo.IpoServiceTest   : List [IpoEntity(id=65570166a3c90440d304b7fc, ipoName=디에스단석(구,단석산업), ipoCode=017860, owner=한승욱, locate=경기도 시흥시 정왕동 1239-5, seed=2,530 (백만원), business=무기안료 및 기타금속산화물 제조업, ipoQuantity=1,220,000 주, faceValue=500 원, collusion=79,000 ~ 89,000 원, chief=KB증권,NH투자증권, compete=, commit=0.00%, date=2023.12.14  ~   2023.12.15, publicDate=null, sale=[811,123, 1,133,720, 900,507], profit=[65,371, 73,985, 72,532], pureProfit=[34,384, 27,182, 39,821], protect=4,451,404 주, protectPercent=75.94 %, possible=1,410,000 주, possiblePercent=24.06 %, sharedQuantity=5,861,404 주, finalCollusion=-), IpoEntity(id=655755c63c765889e1118e8f, ipoName=하나스팩30호, ipoCode=469880, owner=전신웅, locate=서울특별시 영등포구 의사당대로 82 (여의도동, 하나증권빌딩), seed=30 (백만원), business=그 외 기타 금융 지원 서비스업, ipoQuantity=7,000,000 주, faceValue=100 원, collusion=2,000 ~ 2,000 원, chief=하나증권, compete=, commit=0.00%, date=2023.12.13  ~   2023.12.14, publicDate=null, sale=[811,123, 1,133,720, 900,507], profit=[65,371, 73,985, 72,532], pureProfit=[34,384, 27,182, 39,821], protect=4,451,404 주, protectPercent=75.94 %, possible=1,410,000 주, possiblePercent=24.06 %, sharedQuantity=5,861,404 주, finalCollusion=-), IpoEntity(id=6556d3efdbf4b59bc0e7a5ef, ipoName=키움스팩9호, ipoCode=466690, owner=김호경, locate=서울 영등포구 여의도동 36-1번지 키움파이낸스스퀘어빌딩, seed=27 (백만원), business=그 외 기타 금융 지원 서비스업, ipoQuantity=3,000,000 주, faceValue=100 원, collusion=2,000 ~ 2,000 원, chief=키움증권, compete=, commit=0.00%, date=2023.12.12  ~   2023.12.13, publicDate=null, sale=[], profit=[], pureProfit=[], protect=270,000 주, protectPercent=8.26 %, possible=3,000,000 주, possiblePercent=91.74 %, sharedQuantity=3,270,000 주, finalCollusion=-), IpoEntity(id=653fafeff0a65d26dd9f4ece, ipoName=블루엠텍, ipoCode=439580, owner=김현수, locate=경기도 용인시 기흥구 중부대로 184 322-2, 322-2A(영덕동, 힉스유타워), seed=920 (백만원), business=의약품 도매업, ipoQuantity=1,400,000 주, faceValue=100 원, collusion=15,000 ~ 19,000 원, chief=하나증권,키움증권, compete=, commit=0.00%, date=2023.12.04  ~   2023.12.05, publicDate=, sale=[41,854,695,636, 77,146,751,918, 49,637,696,375], profit=[176,442,923, 890,609,048, -2,726,643,993], pureProfit=[286,239,267, -14,330,655,532, -7,688,787,420], protect=7,047,733 주, protectPercent=66.17 %, possible=3,602,456 주, possiblePercent=33.83 %, sharedQuantity=10,650,189 주, finalCollusion=-), IpoEntity(id=6552d5e37ba4f7507912189f, ipoName=LS머트리얼즈, ipoCode=417200, owner=홍영호, locate=경기도 안양시 동안구 엘에스로116번길 39 엘에스엠트론 하이테크 센터 6층, seed=29,438 (백만원), business=전자 축전기 제조업, ipoQuantity=14,625,000 주, faceValue=500 원, collusion=4,400 ~ 5,500 원, chief=키움증권,KB증권,이베스트투자증권,하이투자증권,NH투자증권, compete=, commit=0.00%, date=2023.12.01  ~   2023.12.04, publicDate=, sale=[70,818,393,999, 161,987,191,236, 42,661,613,743], profit=[8,244,046,068, 14,458,759,701, 2,532,453,871], pureProfit=[7,132,402,823, 8,410,689,871, 2,019,598,323], protect=44,710,353 주, protectPercent=66.09 %, possible=22,942,306 주, possiblePercent=33.91 %, sharedQuantity=67,652,659 주, finalCollusion=-), IpoEntity(id=654061e59fdc0d4ca30e366b, ipoName=케이엔에스, ipoCode=432470, owner=정봉진, locate=경기도 평택시 서탄면 수월암2길 107-9, seed=311 (백만원), business=특수 목적용 기계 제조업, ipoQuantity=750,000 주, faceValue=100 원, collusion=19,000 ~ 22,000 원, chief=신영증권, compete=, commit=0.00%, date=2023.11.27  ~   2023.11.28, publicDate=, sale=[19,566,070, 34,734,790, 28,564,316], profit=[3,863,017, 6,075,261, 4,032,783], pureProfit=[2,876,182, 4,830,718, 3,909,264], protect=3,710,078 주, protectPercent=83.52 %, possible=732,200 주, possiblePercent=16.48 %, sharedQuantity=4,442,278 주, finalCollusion=-), IpoEntity(id=652396e348eaf31af9ee8bc2, ipoName=와이바이오로직스, ipoCode=338840, owner=박영우, locate=대전광역시 유성구 테크노4로 29, seed=6,639 (백만원), business=기초 의약물질 및 생물학적 제제 제조업, ipoQuantity=1,500,000 주, faceValue=500 원, collusion=9,000 ~ 11,000 원, chief=유안타증권, compete=, commit=0.00%, date=2023.11.23  ~   2023.11.24, publicDate=, sale=[856,156,961, 4,150,557,898, 4,847,333,707], profit=[-5,777,533,001, -18,830,214,970, -17,364,523,225], pureProfit=[-5,710,658,169, -18,804,401,066, -17,070,885,026], protect=9,585,930 주, protectPercent=70.28 %, possible=4,405,968 주, possiblePercent=29.72 %, sharedQuantity=13,991,898 주, finalCollusion=9,000), IpoEntity(id=654062031fc316376ae864bd, ipoName=삼성스팩9호, ipoCode=468510, owner=오정헌, locate=서울특별시 서초구 서초대로74길 11, seed=105 (백만원), business=금융 지원 서비스업, ipoQuantity=10,000,000 주, faceValue=100 원, collusion=2,000 ~ 2,000 원, chief=삼성증권, compete=, commit=0.00%, date=2023.11.23  ~   2023.11.24, publicDate=, sale=[], profit=[], pureProfit=[], protect=1,050,000 주, protectPercent=9.50 %, possible=10,000,000 주, possiblePercent=90.50 %, sharedQuantity=11,050,000 주, finalCollusion=2,000), IpoEntity(id=654062354f75e80c5930bac8, ipoName=교보스팩15호, ipoCode=465320, owner=김상도, locate=서울 영등포구 여의도동 26-4번지, seed=31 (백만원), business=그 외 기타 금융 지원 서비스업, ipoQuantity=3,500,000 주, faceValue=100 원, collusion=2,000 ~ 2,000 원, chief=교보증권, compete=, commit=0.00%, date=2023.11.23  ~   2023.11.24, publicDate=, sale=[], profit=[], pureProfit=[], protect=310,000 주, protectPercent=8.14 %, possible=3,500,000 주, possiblePercent=91.86 %, sharedQuantity=3,810,000 주, finalCollusion=2,000), IpoEntity(id=6540625be34380b78d4d297d, ipoName=NH스팩30호, ipoCode=466910, owner=조선희, locate=서울 영등포구 여의도동 22번지 파크원, seed=110 (백만원), business=그 외 기타 금융 지원 서비스업, ipoQuantity=8,000,000 주, faceValue=100 원, collusion=2,000 ~ 2,000 원, chief=NH투자증권, compete=146.77:1, commit=0.00%, date=2023.11.21  ~   2023.11.22, publicDate=, sale=[], profit=[], pureProfit=[], protect=1,100,000 주, protectPercent=12.09 %, possible=8,000,000 주, possiblePercent=87.91 %, sharedQuantity=9,100,000 주, finalCollusion=2,000), IpoEntity(id=6540626c487a026b7f193734, ipoName=에이텀, ipoCode=355690, owner=한택수, locate=경기도 안산시 단원구 별망로677번길 19-15 (초지동, 에이텀), seed=2,337 (백만원), business=변압기 제조업, ipoQuantity=650,000 주, faceValue=500 원, collusion=23,000 ~ 30,000 원, chief=하나증권, compete=1622.23:1, commit=0.00%, date=2023.11.21  ~   2023.11.22, publicDate=, sale=[47,971,262, 53,633,878, 55,809,022], profit=[-5,922,868, -7,645,858, -4,601,725], pureProfit=[-8,387,901, -12,027,347, -20,523,948], protect=3,997,398 주, protectPercent=74.79 %, possible=1,347,782 주, possiblePercent=25.21 %, sharedQuantity=5,345,180 주, finalCollusion=18,000), IpoEntity(id=654062c6e3097e340f7835cb, ipoName=에이에스텍, ipoCode=453860, owner=윤종배, locate=충청남도 서천군 장항읍 장항산단7길 13 (옥남리, (주)에이에스텍), seed=2,388 (백만원), business=그 외 기타 분류 안된 화학제품 제조업, ipoQuantity=1,407,000 주, faceValue=500 원, collusion=21,000 ~ 25,000 원, chief=미래에셋증권, compete=1374.49:1, commit=0.00%, date=2023.11.16  ~   2023.11.17, publicDate=2023.11.28, sale=[34,800,460,815, 32,163,647,980, 14,645,597,568], profit=[8,321,169,694, 4,516,449,711, 745,825,897], pureProfit=[6,451,946,030, 1,839,507,948, 517,762,660], protect=4,231,710 주, protectPercent=74.72 %, possible=1,432,000 주, possiblePercent=25.28 %, sharedQuantity=5,663,710 주, finalCollusion=28,000), IpoEntity(id=654062f7a119df8885af4590, ipoName=한선엔지니어링, ipoCode=452280, owner=이제훈, locate=부산광역시 강서구 녹산산단361로 27 (송정동), seed=6,312 (백만원), business=기타 금속 가공제품 제조업, ipoQuantity=4,250,000 주, faceValue=500 원, collusion=5,200 ~ 6,000 원, chief=대신증권, compete=1141.25:1, commit=0.00%, date=2023.11.13  ~   2023.11.14, publicDate=2023.11.24, sale=[25,300,714,406, 40,971,122,327, 27,199,897,007], profit=[4,740,280,453, 7,167,697,077, 2,887,034,102], pureProfit=[3,402,334,635, 5,498,221,693, 2,399,514,033], protect=12,752,500 주, protectPercent=75.00 %, possible=4,250,000 주, possiblePercent=25.00 %, sharedQuantity=17,002,500 주, finalCollusion=7,000), IpoEntity(id=650a8ab85bdcce09d6447398, ipoName=스톰테크, ipoCode=352090, owner=강기환, locate=서울특별시 강서구 화곡로68길 143, seed=999 (백만원), business=플라스틱 선, 봉, 관 및 호스 제조업, ipoQuantity=3,350,000 주, faceValue=100 원, collusion=8,000 ~ 9,500 원, chief=하이투자증권, compete=499.64:1, commit=0.00%, date=2023.11.09  ~   2023.11.10, publicDate=2023.11.20, sale=[29,425, 51,031, 47,984], profit=[7,008, 11,804, 10,526], pureProfit=[5,612, 9,582, 8,661], protect=10,234,090 주, protectPercent=76.11 %, possible=3,212,000 주, possiblePercent=23.89 %, sharedQuantity=13,446,090 주, finalCollusion=11,000), IpoEntity(id=6540648cfdcba0be7fe88279, ipoName=동인기연, ipoCode=111380, owner=정인수, locate=경기 김포시 통진읍 대곶북로 370-26 (가현리), seed=500 (백만원), business=가방 및 기타 보호용 케이스 제조업, ipoQuantity=1,838,000 주, faceValue=100 원, collusion=33,000 ~ 37,000 원, chief=NH투자증권, compete=4.04:1, commit=0.00%, date=2023.11.09  ~   2023.11.10, publicDate=2023.11.21, sale=[109,175,774, 250,589,221, 168,382,893], profit=[15,793,193, 42,653,702, 18,834,603], pureProfit=[13,530,284, 28,098,802, 14,952,932], protect=4,489,600 주, protectPercent=70.04 %, possible=1,920,400 주, possiblePercent=29.96 %, sharedQuantity=6,410,000 주, finalCollusion=30,000), IpoEntity(id=65127e1084b58f7fa9e39b23, ipoName=에코프로머티리얼즈, ipoCode=450080, owner=김병훈, locate=경상북도 포항시 북구 흥해읍 영일만산단남로75번길 15, seed=28,951 (백만원), business=일차전지 및 축전지 제조업, ipoQuantity=14,476,000 주, faceValue=500 원, collusion=36,200 ~ 46,000 원, chief=미래에셋증권,NH투자증권,하이투자증권, compete=70.04:1, commit=0.00%, date=2023.11.08  ~   2023.11.09, publicDate=2023.11.17, sale=[524,113,113,573, 665,248,278,975, 342,888,306,397], profit=[15,514,296,769, 38,988,203,638, 16,252,651,418], pureProfit=[9,096,566,834, 15,582,712,507, -22,979,543,277], protect=57,820,758 주, protectPercent=81.30 %, possible=13,301,400 주, possiblePercent=18.70 %, sharedQuantity=71,122,158 주, finalCollusion=36,200), IpoEntity(id=6507d8747598a24fd4f4f959, ipoName=에이직랜드, ipoCode=445090, owner=이종민, locate=경기도 수원시 영통구 대학로 60 (이의동)리치프라자 3차 309호, seed=3,954 (백만원), business=비메모리용 및 기타 전자집적회로 제조업, ipoQuantity=2,636,330 주, faceValue=500 원, collusion=19,100 ~ 21,400 원, chief=삼성증권, compete=759.88:1, commit=0.00%, date=2023.11.02  ~   2023.11.03, publicDate=2023.11.13, sale=[35,634,471, 69,629,209, 45,195,788], profit=[2,482,194, 11,449,731, 2,751,277], pureProfit=[2,327,401, 5,149,538, 2,092,692], protect=7,507,010 주, protectPercent=70.84 %, possible=3,090,666 주, possiblePercent=29.16 %, sharedQuantity=10,597,676 주, finalCollusion=25,000), IpoEntity(id=652108b28d2e765806c00ee7, ipoName=그린리소스, ipoCode=402490, owner=이종수, locate=인천 서구 가정로37번길 39 (가좌동), seed=3,247 (백만원), business=반도체 제조업, ipoQuantity=1,640,000 주, faceValue=500 원, collusion=11,000 ~ 14,000 원, chief=NH투자증권, compete=590.07:1, commit=0.00%, date=2023.11.02  ~   2023.11.03, publicDate=2023.11.24, sale=[8,905, 25,085, 13,660], profit=[2,219, 3,731, 3,108], pureProfit=[1,666, 3,465, 1,157], protect=5,379,434 주, protectPercent=65.73 %, possible=2,804,510 주, possiblePercent=34.27 %, sharedQuantity=8,183,944 주, finalCollusion=17,000), IpoEntity(id=654064ea0a57f278c7072b87, ipoName=한국스팩13호, ipoCode=464440, owner=김장하, locate=서울특별시 영등포구 의사당대로 88 (여의도동, 한국투자증권빌딩), seed=32 (백만원), business=, ipoQuantity=4,000,000 주, faceValue=100 원, collusion=2,000 ~ 2,000 원, chief=한국투자증권, compete=139.07:1, commit=0.00%, date=2023.11.01  ~   2023.11.02, publicDate=2023.11.13, sale=[], profit=[], pureProfit=[], protect=320,000 주, protectPercent=7.41 %, possible=4,000,000 주, possiblePercent=92.59 %, sharedQuantity=4,320,000 주, finalCollusion=2,000), IpoEntity(id=654065147205ae03702ddde8, ipoName=에스와이스틸텍, ipoCode=365330, owner=홍성균, locate=충청북도 충주시 엄정면 세고개로 154, seed=11,700 (백만원), business=구조용 금속제품, 탱크 및 증기발생기 제조업, ipoQuantity=7,000,000 주, faceValue=500 원, collusion=1,200 ~ 1,500 원, chief=KB증권, compete=1001.23:1, commit=0.00%, date=2023.11.01  ~   2023.11.02, publicDate=2023.11.13, sale=[63,366,010,569, 100,050,838,794, 67,332,006,578], profit=[7,415,958,936, 8,333,440,685, 1,140,243,099], pureProfit=[5,666,583,221, 5,930,478,364, 668,088,159], protect=22,810,000 주, protectPercent=74.52 %, possible=7,800,000 주, possiblePercent=25.48 %, sharedQuantity=30,610,000 주, finalCollusion=1,800), IpoEntity(id=64fff4e77599f39d76e090b3, ipoName=비아이매트릭스, ipoCode=413640, owner=배영근, locate=서울특별시 강남구 선릉로 433 (역삼동, 세방빌딩 신관17층), seed=2,985 (백만원), business=시스템ㆍ응용 소프트웨어 개발 및 공급업, ipoQuantity=1,200,000 주, faceValue=500 원, collusion=9,100 ~ 11,000 원, chief=IBK투자증권, compete=806.74:1, commit=0.00%, date=2023.10.31  ~   2023.11.01, publicDate=2023.11.09, sale=[11,818, 27,659, 20,924], profit=[-1,222, 4,563, 2,838], pureProfit=[-862, 3,190, 2,413], protect=5,096,000 주, protectPercent=70.71 %, possible=2,110,940 주, possiblePercent=29.29 %, sharedQuantity=7,206,940 주, finalCollusion=13,000), IpoEntity(id=65127f30fbf58530bbd87bc3, ipoName=메가터치, ipoCode=446540, owner=윤재홍, locate=충남 천안시 서북구 3공단2로 42 (백석동), seed=7,707 (백만원), business=물질 검사, 측정 및 분석기구 제조업, ipoQuantity=5,200,000 주, faceValue=500 원, collusion=3,500 ~ 4,000 원, chief=NH투자증권, compete=630.75:1, commit=0.00%, date=2023.10.31  ~   2023.11.01, publicDate=2023.11.09, sale=[], profit=[], pureProfit=[], protect=12,298,960 주, protectPercent=59.21 %, possible=8,472,040 주, possiblePercent=40.79 %, sharedQuantity=20,771,000 주, finalCollusion=4,800), IpoEntity(id=6507df9c3bb5b7791ce5dce3, ipoName=큐로셀, ipoCode=372320, owner=김건수, locate=대전광역시 유성구 국제과학16로 11, seed=5,982 (백만원), business=자연과학 및 공학 연구개발업, ipoQuantity=1,600,000 주, faceValue=500 원, collusion=29,800 ~ 33,500 원, chief=미래에셋증권,삼성증권, compete=170:1, commit=0.00%, date=2023.10.30  ~   2023.10.31, publicDate=2023.11.09, sale=[0, 0, 0], profit=[-139,745,251,263, -21,424,611,321, -15,286,512,079], pureProfit=[-12,610,702,106, -38,885,125,426, -53,575,668,634], protect=11,524,728 주, protectPercent=84.75 %, possible=2,073,565 주, possiblePercent=15.25 %, sharedQuantity=13,598,293 주, finalCollusion=20,000), IpoEntity(id=65127f68a550a947f1cfce64, ipoName=에코아이, ipoCode=448280, owner=이수복, locate=서울시 금천구 두산로 70 현대지식산업센터 B동 1503, 1504호, seed=3,884 (백만원), business=환경컨설팅, 및 온실가스배출권매매 및 관련사업, ipoQuantity=2,079,000 주, faceValue=500 원, collusion=28,500 ~ 34,700 원, chief=KB증권, compete=19.69:1, commit=0.00%, date=2023.10.30  ~   2023.10.31, publicDate=2023.11.21, sale=[53,305,665,235, 60,121,142,197, 26,994,234,332], profit=[19,806,683,734, 20,033,029,594, 10,162,848,799], pureProfit=[15,932,218,050, 15,559,454,518, 7,996,520,497], protect=7,429,049 주, protectPercent=75.18 %, possible=2,453,263 주, possiblePercent=24.82 %, sharedQuantity=9,882,312 주, finalCollusion=34,700), IpoEntity(id=650a8c822a9c777d24ba7fcd, ipoName=캡스톤파트너스, ipoCode=452300, owner=송은강, locate=서울특별시 강남구 역삼로 180 (역삼동, MARU180) 4층 캡스톤파트너스, seed=2,340 (백만원), business=기타 금융 투자업, ipoQuantity=1,596,000 주, faceValue=200 원, collusion=3,200 ~ 3,600 원, chief=NH투자증권, compete=1345.55:1, commit=0.00%, date=2023.10.26  ~   2023.10.27, publicDate=2023.11.15, sale=[1,326,832, 1,198,768, 0], profit=[248,217, 434,844, 0], pureProfit=[189,130, 327,478, 0], protect=59,997,534 주, protectPercent=85.93 %, possible=9,824,064 주, possiblePercent=14.07 %, sharedQuantity=69,821,598 주, finalCollusion=4,000), IpoEntity(id=65127f97369fd90224b26840, ipoName=쏘닉스, ipoCode=088280, owner=양형국, locate=경기도 평택시 청북읍 현곡산단로93번길 81, seed=13,598 (백만원), business=반도체 제조업, ipoQuantity=3,600,000 주, faceValue=1,000 원, collusion=- ~ - 원, chief=KB증권, compete=773.94:1, commit=0.00%, date=2023.10.26  ~   2023.10.27, publicDate=2023.11.07, sale=[6,887,755,932, 15,839,004,968, 21,976,760,922], profit=[-2,758,864,194, -3,403,228,196, -2,217,897,363], pureProfit=[-2,514,471,056, -29,510,193,610, -5,110,677,395], protect=12,030,709 주, protectPercent=69.52 %, possible=5,275,781 주, possiblePercent=30.48 %, sharedQuantity=17,306,490 주, finalCollusion=7,500), IpoEntity(id=6507dfacff030fccd59ac775, ipoName=서울보증보험, ipoCode=031210, owner=유광열, locate=서울특별시 종로구 김상옥로 29 (연지동), seed=174,553 (백만원), business=보증 보험업, ipoQuantity=6,982,160 주, faceValue=2,500 원, collusion=39,500 ~ 51,800 원, chief=미래에셋증권,삼성증권, compete=, commit=0.00%, date=2023.10.25  ~   2023.10.26, publicDate=null, sale=[1,326,832, 1,198,768, 0], profit=[248,217, 434,844, 0], pureProfit=[189,130, 327,478, 0], protect=59,997,534 주, protectPercent=85.93 %, possible=9,824,064 주, possiblePercent=14.07 %, sharedQuantity=69,821,598 주, finalCollusion=-), IpoEntity(id=65406576fd0af3c32d819a83, ipoName=KB스팩27호, ipoCode=464680, owner=이태영, locate=, seed=40 (백만원), business=금융 지원 서비스업, ipoQuantity=12,500,000 주, faceValue=100 원, collusion=2,000 ~ 2,000 원, chief=KB증권, compete=8.10:1, commit=0.00%, date=2023.10.24  ~   2023.10.25, publicDate=2023.11.03, sale=[], profit=[], pureProfit=[], protect=405,000 주, protectPercent=3.14 %, possible=12,500,000 주, possiblePercent=96.86 %, sharedQuantity=12,905,000 주, finalCollusion=2,000), IpoEntity(id=64fd4b7a8db7870a54b62352, ipoName=유투바이오, ipoCode=221800, owner=김진태, locate=서울특별시 송파구 거마로 68, 지하1층 (마천동, 장원빌딩), seed=5,051 (백만원), business=기타 과학기술 서비스업, ipoQuantity=1,128,720 주, faceValue=500 원, collusion=3,300 ~ 3,900 원, chief=신한투자증권, compete=1286.85:1, commit=0.00%, date=2023.10.23  ~   2023.10.24, publicDate=2023.11.02, sale=[16,887,814,423, 69,013,134,090, 50,552,623,684], profit=[555,562,560, 15,707,796,256, 9,027,232,647], pureProfit=[1,236,029,732, 13,159,994,846, 9,236,341,465], protect=7,770,980 주, protectPercent=68.85 %, possible=3,516,216 주, possiblePercent=31.15 %, sharedQuantity=11,287,196 주, finalCollusion=4,400), IpoEntity(id=6540658c8a723b4516b1410a, ipoName=유진테크놀로지, ipoCode=240600, owner=여현국, locate=충청북도 청주시 흥덕구 2순환로742번길 42, seed=2,642 (백만원), business=금속 주조업, ipoQuantity=1,049,482 주, faceValue=500 원, collusion=12,800 ~ 14,500 원, chief=NH투자증권, compete=1506.58:1, commit=17.63%, date=2023.10.23  ~   2023.10.24, publicDate=2023.11.02, sale=[23,231,897,516, 39,824,841,246, 34,557,425,427], profit=[4,436,005,255, 2,384,643,399, 3,011,651,602], pureProfit=[4,046,949,430, 1,176,755,354, 2,755,379,556], protect=4,173,679 주, protectPercent=66.66 %, possible=2,087,806 주, possiblePercent=33.34 %, sharedQuantity=6,261,485 주, finalCollusion=17,000), IpoEntity(id=64fff56a3c077714aacc7f67, ipoName=퀄리타스반도체, ipoCode=432720, owner=김두호, locate=경기도 성남시 분당구 성남대로331번길 8 (정자동, 킨스타워) 405호, seed=4,169 (백만원), business=전자집적회로 제조업, ipoQuantity=1,800,000 주, faceValue=500 원, collusion=13,000 ~ 15,000 원, chief=한국투자증권, compete=1632.34:1, commit=0.00%, date=2023.10.18  ~   2023.10.19, publicDate=2023.10.27, sale=[6,040,367,765, 10,789,274,729, 3,952,070,068], profit=[-3,292,521,363, -3,671,026,788, -4,741,577,598], pureProfit=[-2,539,505,707, -2,281,074,471, -3,654,889,267], protect=7,514,474 주, protectPercent=75.21 %, possible=2,679,046 주, possiblePercent=24.79 %, sharedQuantity=10,193,520 주, finalCollusion=17,000), IpoEntity(id=6507dfe0bfb52d85849c0155, ipoName=컨텍, ipoCode=451760, owner=이성희, locate=대전광역시 유성구 지족로148번길 5-34, seed=6,169 (백만원), business=무선 및 위성 통신업, ipoQuantity=2,060,000 주, faceValue=500 원, collusion=20,300 ~ 22,500 원, chief=대신증권, compete=9.09:1, commit=0.00%, date=2023.10.18  ~   2023.10.19, publicDate=2023.11.09, sale=[3,156,092,272, 1,914,633,847, 5,787,300,240], profit=[-4,067,648,306, -1,453,689,952, -1,798,278,694], pureProfit=[-52,132,058,866, -7,426,231,074, -12,449,932,055], protect=10,062,317 주, protectPercent=69.93 %, possible=4,326,724 주, possiblePercent=30.07 %, sharedQuantity=14,389,041 주, finalCollusion=22,500), IpoEntity(id=6507dfef4809acfac34d0192, ipoName=워트, ipoCode=396470, owner=박승배, locate=경기도 화성시 동탄면 동탄산단10길 53-15, seed=1,200 (백만원), business=특수 목적용 기계 제조업, ipoQuantity=4,000,000 주, faceValue=100 원, collusion=5,000 ~ 5,600 원, chief=키움증권, compete=1781.78:1, commit=0.00%, date=2023.10.16  ~   2023.10.17, publicDate=2023.10.26, sale=[7,519,073,723, 22,835,113,396, 26,691,070,764], profit=[982,044,017, 6,705,120,210, 6,041,270,235], pureProfit=[1,198,587,470, 5,870,093,710, 5,119,066,139], protect=10,650,000 주, protectPercent=66.07 %, possible=5,470,000 주, possiblePercent=33.93 %, sharedQuantity=16,120,000 주, finalCollusion=6,500), IpoEntity(id=64fff6e0cb522725bdb9240a, ipoName=에스엘에스바이오, ipoCode=246250, owner=이영태, locate=경기도 수원시 영통구 창룡대로 260 광교센트럴비즈타워 7층, seed=3,432 (백만원), business=기타 전문, 과학 및 기술 서비스업, ipoQuantity=770,000 주, faceValue=500 원, collusion=8,200 ~ 9,400 원, chief=하나증권, compete=345:1, commit=0.00%, date=2023.10.10  ~   2023.10.11, publicDate=2023.10.20, sale=[4,416,778,965, 10,751,900,430, 8,242,508,010], profit=[677,048,172, 2,423,749,751, 426,234,451], pureProfit=[990,121,873, 2,826,043,673, 57,890,953], protect=2,973,672 주, protectPercent=38.75 %, possible=4,700,431 주, possiblePercent=61.25 %, sharedQuantity=7,674,103 주, finalCollusion=7,000), IpoEntity(id=64fff6f9e2e85b52281af6ba, ipoName=신성에스티, ipoCode=416180, owner=안병두, locate=경상남도 창원시 마산회원구 3·15대로 711 대아빌딩, seed=3,500 (백만원), business=자동차 신품 부품 제조업, ipoQuantity=2,000,000 주, faceValue=500 원, collusion=22,000 ~ 25,000 원, chief=미래에셋증권, compete=1891.40:1, commit=0.00%, date=2023.10.10  ~   2023.10.11, publicDate=2023.10.19, sale=[66,424,930,568, 106,505,634,411, 104,225,113,285], profit=[7,661,497,240, 7,893,242,769, 6,291,020,806], pureProfit=[7,334,816,490, 9,286,891,982, 7,319,368,873], protect=6,624,079 주, protectPercent=73.22 %, possible=2,422,692 주, possiblePercent=26.78 %, sharedQuantity=9,046,771 주, finalCollusion=26,000), IpoEntity(id=64fff73ab35a1ce4cf3dcc07, ipoName=퓨릿(구.신디프), ipoCode=445180, owner=문재웅, locate=경기도 화성시 금반1길 53 204호(동탄 푸르지오하임 2), seed=6,894 (백만원), business=기초 화학물질 제조업, ipoQuantity=4,137,000 주, faceValue=500 원, collusion=8,800 ~ 10,700 원, chief=미래에셋증권, compete=1415.76:1, commit=0.00%, date=2023.10.05  ~   2023.10.06, publicDate=2023.10.18, sale=[63,867, 137,372, 106,664], profit=[7,599, 14,282, 9,993], pureProfit=[6,422, 11,554, 7,447], protect=11,507,366 주, protectPercent=68.54 %, possible=5,282,000 주, possiblePercent=31.46 %, sharedQuantity=16,789,366 주, finalCollusion=10,700), IpoEntity(id=65000aa1c900d1c865ab7909, ipoName=에이치엠씨아이비스팩6호, ipoCode=462020, owner=한웅, locate=서울특별시 영등포구 국제금융로2길 28, seed=34 (백만원), business=기타 금융업, ipoQuantity=4,000,000 주, faceValue=100 원, collusion=2,000 ~ 2,000 원, chief=현대차증권, compete=61.15:1, commit=0.00%, date=2023.09.25  ~   2023.09.26, publicDate=2023.10.13, sale=[, , ], profit=[, , ], pureProfit=[, , ], protect=345,000 주, protectPercent=7.94 %, possible=4,000,000 주, possiblePercent=92.06 %, sharedQuantity=4,345,000 주, finalCollusion=2,000), IpoEntity(id=65000fa9c52ceead62d5ea44, ipoName=두산로보틱스, ipoCode=454910, owner=박인원, 류정훈, locate=경기도 수원시 권선구 산업로156번길 79 (고색동), seed=24,309 (백만원), business=산업용 로봇 제조업, ipoQuantity=16,200,000 주, faceValue=500 원, collusion=21,000 ~ 26,000 원, chief=한국투자증권,미래에셋증권,NH투자증권,KB증권,크레디트스위스증권, compete=524.05:1, commit=0.00%, date=2023.09.21  ~   2023.09.22, publicDate=null, sale=[23,652, 44,954, 36,980], profit=[-9,932, -13,228, -7,085], pureProfit=[-9,333, -12,548, -7,417], protect=48,765,994 주, protectPercent=75.23 %, possible=16,053,986 주, possiblePercent=24.77 %, sharedQuantity=64,819,980 주, finalCollusion=26,000), IpoEntity(id=65000fcdfcc866d211e9bad8, ipoName=한싹, ipoCode=430690, owner=이주도, locate=서울 구로구 디지털로34길 27, 401호 (구로동,대륭포스트타워3차), seed=1,951 (백만원), business=응용소프트웨어 개발 및 공급업, ipoQuantity=1,500,000 주, faceValue=500 원, collusion=8,900 ~ 11,000 원, chief=케이비증권, compete=1437.22:1, commit=0.00%, date=2023.09.19  ~   2023.09.20, publicDate=2023.10.04, sale=[8,176,918,465, 21,902,816,604, 18,408,761,227], profit=[590,566,592, 1,851,925,471, 3,669,182,465], pureProfit=[592,903,151, 2,205,418,963, 3,633,973,594], protect=3,965,175 주, protectPercent=72.79 %, possible=1,482,500 주, possiblePercent=27.21 %, sharedQuantity=5,447,675 주, finalCollusion=12,500), IpoEntity(id=65000fde3694071db40c78d6, ipoName=레뷰코퍼레이션, ipoCode=443250, owner=장대규, locate=서울특별시 강남구 논현로135길 29 (논현동), seed=4,631 (백만원), business=광고 대행업, ipoQuantity=2,240,000 주, faceValue=500 원, collusion=11,500 ~ 13,200 원, chief=삼성증권, compete=657.79:1, commit=0.00%, date=2023.09.19  ~   2023.09.20, publicDate=2023.10.06, sale=[18,040,053,709, 30,491,967,755, 22,818,451,349], profit=[1,878,997,667, 4,014,101,926, 2,313,787,613], pureProfit=[1,929,682,988, -711,183,147, 559,427,078], protect=8,790,720 주, protectPercent=80.13 %, possible=2,179,200 주, possiblePercent=19.87 %, sharedQuantity=10,969,920 주, finalCollusion=15,000), IpoEntity(id=65000ff8bbe8316789b34aa5, ipoName=신한스팩11호, ipoCode=452980, owner=장우철, locate=서울특별시 영등포구 여의대로 70, seed=90 (백만원), business=금융 지원 서비스업, ipoQuantity=18,000,000 주, faceValue=100 원, collusion=2,000 ~ 2,000 원, chief=신한투자증권, compete=3.18:1, commit=0.00%, date=2023.09.19  ~   2023.09.20, publicDate=2023.10.04, sale=[, , ], profit=[, , ], pureProfit=[, , ], protect=905,000 주, protectPercent=4.79 %, possible=18,000,000 주, possiblePercent=95.21 %, sharedQuantity=18,905,000 주, finalCollusion=2,000), IpoEntity(id=650010177f42ab7013db228c, ipoName=밀리의서재, ipoCode=418470, owner=서영택, locate=서울특별시 마포구 양화로 45 메세나폴리스 세아타워 16층, seed=3,283 (백만원), business=서적, 잡지 및 기타 인쇄물 출판업, ipoQuantity=1,500,000 주, faceValue=500 원, collusion=20,000 ~ 23,000 원, chief=미래에셋증권, compete=449.56:1, commit=0.00%, date=2023.09.18  ~   2023.09.19, publicDate=2023.09.27, sale=[25,997, 45,830, 28,857], profit=[4,958, 4,169, -14,511], pureProfit=[5,128, 13,350, -34,842], protect=6,078,570 주, protectPercent=74.93 %, possible=2,033,340 주, possiblePercent=25.07 %, sharedQuantity=8,111,910 주, finalCollusion=23,000), IpoEntity(id=650010267c822ed9c18aedd2, ipoName=아이엠티, ipoCode=451220, owner=최재성, locate=경기도 수원시 영통구 신원로 306, seed=3,123 (백만원), business=특수 목적용 기계 제조업, ipoQuantity=1,580,000 주, faceValue=500 원, collusion=10,500 ~ 12,000 원, chief=유안타증권,유진투자증권, compete=495.59:1, commit=0.00%, date=2023.09.18  ~   2023.09.19, publicDate=2023.10.10, sale=[4,113,702,647, 10,756,717,708, 7,327,878,427], profit=[-738,698,858, 254,042,570, -588,932,080], pureProfit=[-550,600,734, -429,546,963, -569,358,529], protect=4,589,596 주, protectPercent=58.28 %, possible=3,285,015 주, possiblePercent=41.72 %, sharedQuantity=7,874,611 주, finalCollusion=14,000), IpoEntity(id=65001034391ff47cbdfcb570, ipoName=인스웨이브시스템즈, ipoCode=450520, owner=어세룡, locate=서울특별시 강서구 공항대로 247 (마곡동, 퀸즈파크나인) C동 12층, seed=1,984 (백만원), business=응용 소프트웨어 개발 및 공급업, ipoQuantity=1,100,000 주, faceValue=500 원, collusion=20,000 ~ 24,000 원, chief=신영증권, compete=618.90:1, commit=0.00%, date=2023.09.14  ~   2023.09.15, publicDate=2023.09.25, sale=[14,011,366, 43,629,717, 32,608,351], profit=[316,611, 7,039,261, 4,301,870], pureProfit=[180,579, 5,391,712, 4,422,483], protect=3,777,466 주, protectPercent=77.07 %, possible=1,124,060 주, possiblePercent=22.93 %, sharedQuantity=4,901,526 주, finalCollusion=24,000), IpoEntity(id=6500105d69320d2976abe4ab, ipoName=상상인스팩4호, ipoCode=452670, owner=박형규, locate=서울특별시 영등포구 여의대로 108 파크원타워1 48층, seed=72 (백만원), business=금융 지원 서비스업, ipoQuantity=4,500,000 주, faceValue=100 원, collusion=2,000 ~ 2,000 원, chief=상상인증권, compete=504.77:1, commit=0.00%, date=2023.09.04  ~   2023.09.05, publicDate=2023.09.14, sale=[, , ], profit=[, , ], pureProfit=[, , ], protect=720,000 주, protectPercent=13.79 %, possible=4,500,000 주, possiblePercent=86.21 %, sharedQuantity=5,220,000 주, finalCollusion=2,000), IpoEntity(id=650010979f8aa3ec6b32695b, ipoName=한화플러스스팩4호, ipoCode=455310, owner=김민철, locate=서울특별시 영등포구 여의대로 56, seed=506 (백만원), business=기타 금융업, ipoQuantity=4,750,000 주, faceValue=100 원, collusion=2,000 ~ 2,000 원, chief=한화투자증권, compete=753.02:1, commit=0.13%, date=2023.08.29  ~   2023.08.30, publicDate=2023.09.07, sale=[, , ], profit=[, , ], pureProfit=[, , ], protect=310,000 주, protectPercent=6.13 %, possible=4,750,000 주, possiblePercent=93.87 %, sharedQuantity=5,060,000 주, finalCollusion=2,000), IpoEntity(id=650010a499668c7f20c46099, ipoName=대신밸런스스팩16호, ipoCode=457630, owner=정재중, locate=서울특별시 중구 삼일대로 343, seed=731 (백만원), business=금융 지원 서비스업, ipoQuantity=6,500,000 주, faceValue=100 원, collusion=2,000 ~ 2,000 원, chief=대신증권, compete=527.68:1, commit=0.67%, date=2023.08.23  ~   2023.08.24, publicDate=2023.09.04, sale=[, , ], profit=[, , ], pureProfit=[, , ], protect=810,000 주, protectPercent=11.08 %, possible=6,500,000 주, possiblePercent=88.92 %, sharedQuantity=7,310,000 주, finalCollusion=2,000), IpoEntity(id=650010c88db9e9b8d4bea96e, ipoName=유안타스팩11호, ipoCode=444920, owner=임원현, locate=서울특별시 중구 을지로 76, seed=24 (백만원), business=, ipoQuantity=5,000,000 주, faceValue=100 원, collusion=2,000 ~ 2,000 원, chief=유안타증권, compete=296.20:1, commit=0.26%, date=2023.08.22  ~   2023.08.23, publicDate=2023.09.01, sale=[0, 0, 0], profit=[-27,857,800, -13,847,740, 0], pureProfit=[-26,619,749, -26,031,573, 0], protect=240,000 주, protectPercent=4.58 %, possible=5,000,000 주, possiblePercent=95.42 %, sharedQuantity=5,240,000 주, finalCollusion=2,000), IpoEntity(id=650010df8a924788bda0e3c9, ipoName=대신밸런스스팩15호, ipoCode=457390, owner=신진호, locate=서울특별시 중구 삼일대로 343, seed=53 (백만원), business=금융 지원 서비스업, ipoQuantity=6,500,000 주, faceValue=100 원, collusion=2,000 ~ 2,000 원, chief=대신증권, compete=548.99:1, commit=0.45%, date=2023.08.21  ~   2023.08.22, publicDate=2023.08.30, sale=[0, 0, 0], profit=[-12,707,400, 0, 0], pureProfit=[-25,255,133, 0, 0], protect=535,000 주, protectPercent=7.60 %, possible=6,500,000 주, possiblePercent=92.40 %, sharedQuantity=7,035,000 주, finalCollusion=2,000), IpoEntity(id=650010f5455f0ce2a3374de7, ipoName=한국스팩12호, ipoCode=458610, owner=김진균, locate=서울특별시 영등포구 의사당대로 88 한국투자증권 빌딩, seed=423 (백만원), business=금융 지원 서비스업, ipoQuantity=4,000,000 주, faceValue=100 원, collusion=2,000 ~ 2,000 원, chief=한국투자증권, compete=872.19:1, commit=0.24%, date=2023.08.21  ~   2023.08.22, publicDate=2023.08.30, sale=[, , ], profit=[, , ], pureProfit=[, , ], protect=230,000 주, protectPercent=5.44 %, possible=4,000,000 주, possiblePercent=94.56 %, sharedQuantity=4,230,000 주, finalCollusion=2,000), IpoEntity(id=6507e2e13b1e8b5c14284060, ipoName=시큐레터, ipoCode=418250, owner=임차성, locate=경기 성남시 분당구 판교역로 225-14, 3층 (삼평동), seed=3,955 (백만원), business=응용소프트웨어 개발 및 공급업, ipoQuantity=1,159,900 주, faceValue=500 원, collusion=9,200 ~ 10,600 원, chief=대신증권, compete=1698.41:1, commit=3.14%, date=2023.08.14  ~   2023.08.16, publicDate=2023.08.24, sale=[2,770,382,559, 1,918,848,238, 1,188,142,585], profit=[-5,537,591,447, -3,229,064,780, -1,725,238,656], pureProfit=[-5,441,928,110, -4,650,355,117, -6,204,320,195], protect=6,059,163 주, protectPercent=76.59 %, possible=1,852,358 주, possiblePercent=23.41 %, sharedQuantity=7,911,521 주, finalCollusion=12,000), IpoEntity(id=6507e2f0731e2cf44e401c40, ipoName=스마트레이더시스템, ipoCode=424960, owner=김용환, locate=경기도 성남시 분당구 판교로 253 (삼평동, 판교이노밸리) A동 7층, seed=7,418 (백만원), business=그 외 자동차용 신품 부품 제조업, ipoQuantity=2,220,000 주, faceValue=500 원, collusion=5,800 ~ 6,800 원, chief=대신증권, compete=1366.31:1, commit=6.98%, date=2023.08.10  ~   2023.08.11, publicDate=2023.08.22, sale=[4,024,884,536, 3,485,357,820, 4,679,062,361], profit=[-5,515,471,027, -4,556,221,312, -2,507,179,686], pureProfit=[-7,737,792,622, -5,219,381,024, -6,337,199,541], protect=11,202,846 주, protectPercent=75.51 %, possible=3,633,494 주, possiblePercent=24.49 %, sharedQuantity=14,836,340 주, finalCollusion=8,000), IpoEntity(id=6507e30cb7afb1171b78c687, ipoName=넥스틸, ipoCode=092790, owner=홍성만, locate=경상북도 포항시 남구 대송면 송덕로212번길 195 (대각리) 넥스틸, seed=13,001 (백만원), business=기타 1차 철강 제조업, ipoQuantity=7,000,000 주, faceValue=500 원, collusion=11,500 ~ 12,500 원, chief=하나증권, compete=4.63:1, commit=0.60%, date=2023.08.09  ~   2023.08.10, publicDate=2023.08.21, sale=[668,403,649,813, 424,718,548,060, 214,793,831,184], profit=[181,300,504,021, 16,977,488,102, 1,549,962,921], pureProfit=[144,193,113,559, -1,128,019,547, -6,243,008,019], protect=17,832,476 주, protectPercent=68.58 %, possible=8,169,524 주, possiblePercent=31.42 %, sharedQuantity=26,002,000 주, finalCollusion=11,500), IpoEntity(id=6507e34970c22c2db9088cf6, ipoName=빅토리콘텐츠(구.빅텐츠), ipoCode=210120, owner=조윤정, locate=서울특별시 마포구 상암산로 76, seed=1,572 (백만원), business=영화, 비디오물, 방송프로그램 제작 및 배급업, ipoQuantity=468,200 주, faceValue=500 원, collusion=21,000 ~ 23,000 원, chief=NH투자증권, compete=181.33:1, commit=4.19%, date=2023.08.07  ~   2023.08.08, publicDate=2023.08.17, sale=[879, 32,230, 21,203], profit=[-1,091, 1,729, -1,913], pureProfit=[-940, 1,327, -1,175], protect=2,007,588 주, protectPercent=63.84 %, possible=1,137,022 주, possiblePercent=36.16 %, sharedQuantity=3,144,610 주, finalCollusion=23,000), IpoEntity(id=6507e3f657466013fd173acb, ipoName=큐리옥스바이오시스템즈, ipoCode=445680, owner=김남용, locate=서울특별시 금천구 디지털로9길 41 2층 202호, 204호 ~ 213호 (가산동, 삼성아이티해링턴타워), seed=4,005 (백만원), business=의료용 기기 제조업, ipoQuantity=1,400,000 주, faceValue=500 원, collusion=13,000 ~ 16,000 원, chief=키움증권, compete=10.12:1, commit=2.63%, date=2023.08.01  ~   2023.08.02, publicDate=2023.08.10, sale=[2,152, 7,237, 5,523], profit=[-2,426, -11,421, -8,337], pureProfit=[-2,030, -11,498, -14,525], protect=5,074,788 주, protectPercent=63.35 %, possible=2,936,180 주, possiblePercent=36.65 %, sharedQuantity=8,010,968 주, finalCollusion=13,000), IpoEntity(id=6507e42c918cf1c72808bc8a, ipoName=SK증권스팩10호, ipoCode=457940, owner=장희정, locate=서울특별시 영등포구 국제금융로8길 31, seed=331 (백만원), business=기타 금융업, ipoQuantity=3,000,000 주, faceValue=100 원, collusion=2,000 ~ 2,000 원, chief=SK증권, compete=1193.68:1, commit=0.66%, date=2023.08.01  ~   2023.08.02, publicDate=2023.08.11, sale=null, profit=null, pureProfit=null, protect=363,693 주, protectPercent=10.99 %, possible=2,946,307 주, possiblePercent=89.01 %, sharedQuantity=3,310,000 주, finalCollusion=2,000), IpoEntity(id=6507e43f9df5b45d13ef5cb5, ipoName=코츠테크놀로지, ipoCode=448710, owner=조지원, locate=경기도 성남시 분당구 판교로 744 시동 702호(야탑동, 분당테크노파크), seed=508 (백만원), business=컴퓨터 제조업, ipoQuantity=1,000,000 주, faceValue=100 원, collusion=10,000 ~ 11,500 원, chief=한국투자증권,하이투자증권, compete=1682:1, commit=17.59%, date=2023.08.01  ~   2023.08.02, publicDate=2023.08.10, sale=[41,835,502,370, 31,898,973,540, 24,739,844,508], profit=[2,785,574,622, 2,690,844,081, 1,308,447,665], pureProfit=[2,296,576,120, 2,272,182,540, 1,394,814,802], protect=3,678,566 주, protectPercent=72.39 %, possible=1,403,226 주, possiblePercent=27.61 %, sharedQuantity=5,081,792 주, finalCollusion=13,000), IpoEntity(id=6507e45f7c51f0bfa414e41d, ipoName=하나스팩28호, ipoCode=454750, owner=오동호, locate=서울특별시 영등포구 의사당대로 82, seed=720 (백만원), business=금융 지원 서비스업, ipoQuantity=6,500,000 주, faceValue=100 원, collusion=2,000 ~ 2,000 원, chief=하나증권, compete=282.12:1, commit=0.00%, date=2023.08.01  ~   2023.08.02, publicDate=2023.08.10, sale=null, profit=null, pureProfit=null, protect=702,000 주, protectPercent=9.75 %, possible=6,500,000 주, possiblePercent=90.25 %, sharedQuantity=7,202,000 주, finalCollusion=2,000), IpoEntity(id=6507e4896f9d6d681504fd75, ipoName=KB스팩26호, ipoCode=458320, owner=주우식, locate=서울특별시 영등포구 여의나루로 50, seed=550 (백만원), business=금융 지원 서비스업, ipoQuantity=5,000,000 주, faceValue=100 원, collusion=2,000 ~ 2,000 원, chief=KB증권, compete=400.59:1, commit=0.76%, date=2023.07.31  ~   2023.08.01, publicDate=2023.08.10, sale=null, profit=null, pureProfit=null, protect=767,320 주, protectPercent=13.94 %, possible=4,737,680 주, possiblePercent=86.06 %, sharedQuantity=5,505,000 주, finalCollusion=2,000), IpoEntity(id=6507f36bfa831d61f1b09250, ipoName=파두, ipoCode=440110, owner=남이현, 이지효, locate=서울특별시 강남구 학동로 343 16층, 17층(논현동, 더피나클강남), seed=4,805 (백만원), business=반도체 제조업, ipoQuantity=6,250,000 주, faceValue=100 원, collusion=26,000 ~ 31,000 원, chief=NH투자증권,한국투자증권,한화증권,현대차증권,유진투자증권,KB증권, compete=79.75:1, commit=21.87%, date=2023.07.27  ~   2023.07.28, publicDate=2023.08.07, sale=[17,663,847,173, 56,401,518,172, 5,156,816,449], profit=[-4,313,488,564, 1,507,325,359, 33,674,192,798], pureProfit=[-4,104,436,260, -227,459,980,077, -43,340,650,215], protect=29,354,735 주, protectPercent=61.08 %, possible=18,704,445 주, possiblePercent=38.92 %, sharedQuantity=48,059,180 주, finalCollusion=31,000), IpoEntity(id=6507f37e760b3d4056a3d807, ipoName=엠아이큐브솔루션, ipoCode=373170, owner=박문원, 조영택, locate=서울특별시 서초구 효령로55길 23 3~5층, seed=358 (백만원), business=소프트웨어 개발 및 공급업, ipoQuantity=1,210,000 주, faceValue=100 원, collusion=8,500 ~ 10,000 원, chief=한국투자증권, compete=1695.11:1, commit=29.69%, date=2023.07.26  ~   2023.07.27, publicDate=2023.08.04, sale=[5,651,391,000, 22,295,174,000, 17,039,669,000], profit=[308,790,000, 2,826,779,000, 379,731,000], pureProfit=[404,342,000, 2,789,878,000, 498,978,000], protect=3,742,300 주, protectPercent=77.46 %, possible=1,089,000 주, possiblePercent=22.54 %, sharedQuantity=4,831,300 주, finalCollusion=12,000), IpoEntity(id=6507f39800adf4060ec2c622, ipoName=시지트로닉스, ipoCode=429270, owner=심규환, locate=전라북도 완주군 봉동읍 테크노밸리로 497, seed=2,253 (백만원), business=반도체 제조업, ipoQuantity=900,000 주, faceValue=500 원, collusion=18,000 ~ 20,000 원, chief=유안타증권, compete=918.61:1, commit=5.62%, date=2023.07.24  ~   2023.07.25, publicDate=2023.08.03, sale=[3,594,864,137, 14,521,214,328, 15,494,673,490], profit=[-1,326,574,819, -4,846,781,071, -4,233,553,078], pureProfit=[-1,357,947,720, -4,369,020,361, -5,644,511,370], protect=1,968,045 주, protectPercent=43.67 %, possible=2,538,205 주, possiblePercent=56.33 %, sharedQuantity=4,506,250 주, finalCollusion=25,000), IpoEntity(id=6507f5182043806dae242916, ipoName=유안타스팩14호, ipoCode=450940, owner=엄수열, locate=서울특별시 중구 을지로 76, 유안타증권 빌딩, seed=454 (백만원), business=금융 지원 서비스업, ipoQuantity=4,000,000 주, faceValue=100 원, collusion=2,000 ~ 2,000 원, chief=유안타증권, compete=90.47:1, commit=1.20%, date=2023.07.17  ~   2023.07.18, publicDate=2023.07.27, sale=[], profit=[], pureProfit=[], protect=540,000 주, protectPercent=11.89 %, possible=4,000,000 주, possiblePercent=88.11 %, sharedQuantity=4,540,000 주, finalCollusion=2,000), IpoEntity(id=6507f5629a9c90101fca3b35, ipoName=파로스아이바이오, ipoCode=388870, owner=윤정혁, locate=경기도 안양시 동안구 흥안대로427번길 38, 1408호(관양동, 인덕원성지스타위드), seed=6,459 (백만원), business=자연과학 및 공학 연구개발업, ipoQuantity=1,400,000 주, faceValue=500 원, collusion=14,000 ~ 18,000 원, chief=한국투자증권, compete=347.44:1, commit=1.32%, date=2023.07.17  ~   2023.07.18, publicDate=2023.07.27, sale=[0, 0, 0], profit=[-2,229,761,675, -2,245,693,698, 0], pureProfit=[-2,032,976,451, -3,942,537,108, 0], protect=8,552,340 주, protectPercent=66.20 %, possible=4,366,622 주, possiblePercent=33.80 %, sharedQuantity=12,918,962 주, finalCollusion=14,000), IpoEntity(id=6507f57d38f12392db0de52e, ipoName=에이엘티, ipoCode=172670, owner=이덕형, locate=충청북도 청원군 옥산면 과학산업1로 82-19, seed=4,244 (백만원), business=전자부품 제조업, ipoQuantity=900,000 주, faceValue=500 원, collusion=16,700 ~ 20,500 원, chief=미래에셋증권, compete=2512.24:1, commit=16.07%, date=2023.07.17  ~   2023.07.18, publicDate=2023.07.27, sale=[44,318,854,365, 41,841,806,894, 30,699,181,665], profit=[8,025,839,545, 5,591,579,336, 7,122,843,938], pureProfit=[14,260,090,631, 5,681,903,898, 9,772,863,736], protect=4,613,766 주, protectPercent=54.35 %, possible=3,875,905 주, possiblePercent=45.65 %, sharedQuantity=8,489,671 주, finalCollusion=25,000), IpoEntity(id=6507f58b5929b4f86bd651a3, ipoName=버넥트, ipoCode=438700, owner=하태진, locate=서울 용산구 한강대로7길 10-15 (한강로3가,버넥트 익스피리언스 센터), seed=4,446 (백만원), business=응용소프트웨어 개발 및 공급업, ipoQuantity=1,920,000 주, faceValue=500 원, collusion=11,500 ~ 13,600 원, chief=대신증권, compete=1311.65:1, commit=8.63%, date=2023.07.17  ~   2023.07.18, publicDate=null, sale=[5,056,493,961, 3,568,897,165, 2,178,344,819], profit=[-14,142,263,265, -4,660,285,609, -1,450,079,427], pureProfit=[-8,481,198,407, -8,976,354,818, -1,532,952,507], protect=6,999,215 주, protectPercent=66.41 %, possible=3,540,785 주, possiblePercent=33.59 %, sharedQuantity=10,540,000 주, finalCollusion=16,000), IpoEntity(id=6507f63b84ae3ec7bf1339e2, ipoName=뷰티스킨, ipoCode=406820, owner=김종수, locate=인천광역시 서구 가정로38번길 18, seed=1,767 (백만원), business=화장품 제조업, ipoQuantity=440,000 주, faceValue=500 원, collusion=21,000 ~ 24,000 원, chief=DB금융투자, compete=2316.13:1, commit=10.93%, date=2023.07.13  ~   2023.07.14, publicDate=2023.07.24, sale=[], profit=[], pureProfit=[], protect=2,745,600 주, protectPercent=77.69 %, possible=788,440 주, possiblePercent=22.31 %, sharedQuantity=3,534,040 주, finalCollusion=26,000), IpoEntity(id=6507f65f3e13450c90e7b51d, ipoName=SK증권스팩9호, ipoCode=455910, owner=한현석, locate=서울특별시 영등포구 국제금융로8길 31, seed=102 (백만원), business=기타 금융업, ipoQuantity=4,000,000 주, faceValue=100 원, collusion=2,000 ~ 2,000 원, chief=SK증권, compete=591.92:1, commit=3.54%, date=2023.07.11  ~   2023.07.12, publicDate=2023.07.21, sale=[], profit=[], pureProfit=[], protect=1,020,000 주, protectPercent=20.32 %, possible=4,000,000 주, possiblePercent=79.68 %, sharedQuantity=5,020,000 주, finalCollusion=2,000), IpoEntity(id=6507f67da35e07d0b97cf820, ipoName=센서뷰, ipoCode=321370, owner=김병남, locate=경기 성남시 분당구 판교역로 240, 에이동 705호,705-1호 (삼평동,삼환하이펙스), seed=12,968 (백만원), business=절연선 및 케이블 제조업, ipoQuantity=3,900,000 주, faceValue=500 원, collusion=2,900 ~ 3,600 원, chief=삼성증권, compete=1568.04:1, commit=7.41%, date=2023.07.10  ~   2023.07.11, publicDate=2023.07.19, sale=[], profit=[], pureProfit=[], protect=16,384,490 주, protectPercent=63.17 %, possible=9,553,420 주, possiblePercent=36.83 %, sharedQuantity=25,937,910 주, finalCollusion=4,500), IpoEntity(id=6507f70d4f4cf7d90fb7c1bd, ipoName=와이랩, ipoCode=432430, owner=심준경, locate=서울 마포구 잔다리로3길 20 (서교동), seed=7,915 (백만원), business=만화 출판업, ipoQuantity=3,000,000 주, faceValue=500 원, collusion=7,000 ~ 8,000 원, chief=한국투자증권, compete=1917.16:1, commit=14.72%, date=2023.07.10  ~   2023.07.11, publicDate=2023.07.20, sale=[29,780,532,001, 21,656,372,098, 5,371,307,160], profit=[-435,498,328, -1,074,375,321, -3,379,753,305], pureProfit=[-572,434,054, 453,696,676, -1,091,111,641], protect=9,890,417 주, protectPercent=62.47 %, possible=5,940,937 주, possiblePercent=37.53 %, sharedQuantity=15,831,354 주, finalCollusion=9,000), IpoEntity(id=6507f72b82e39c7bf5b5dbf6, ipoName=필에너지, ipoCode=378340, owner=김광일, locate=경기도 오산시 지곶중앙로 1-19 (세교동), seed=3,750 (백만원), business=기타 특수목적용 기계 제조업, ipoQuantity=2,812,500 주, faceValue=500 원, collusion=26,300 ~ 30,000 원, chief=미래에셋증권,삼성증권, compete=1318:1, commit=59.23%, date=2023.07.05  ~   2023.07.06, publicDate=2023.07.14, sale=[73,012,476,124, 189,709,754,189, 165,151,962,097], profit=[7,546,537,894, 16,812,053,025, 7,361,255,462], pureProfit=[5,659,754,248, 3,723,210,924, 5,719,127,519], protect=6,797,398 주, protectPercent=72.21 %, possible=2,615,625 주, possiblePercent=27.79 %, sharedQuantity=9,413,023 주, finalCollusion=34,000), IpoEntity(id=6507f751d43daa3dcbea323b, ipoName=디비금융스팩11호, ipoCode=456440, owner=김동식, locate=서울특별시 영등포구 국제금융로8길 32, seed=531 (백만원), business=기타 금융업, ipoQuantity=5,000,000 주, faceValue=100 원, collusion=2,000 ~ 2,000 원, chief=DB금융투자, compete=161.42:1, commit=7.35%, date=2023.07.03  ~   2023.07.04, publicDate=2023.07.12, sale=[], profit=[], pureProfit=[], protect=315,000 주, protectPercent=5.93 %, possible=5,000,000 주, possiblePercent=94.07 %, sharedQuantity=5,315,000 주, finalCollusion=2,000), IpoEntity(id=6507f763fe17b228e63ea883, ipoName=이노시뮬레이션, ipoCode=274400, owner=조준희, locate=서울특별시 강서구 마곡중앙8로7길 5, seed=3,909 (백만원), business=소프트웨어 개발 및 공급업, ipoQuantity=900,000 주, faceValue=500 원, collusion=13,000 ~ 15,000 원, chief=하나증권, compete=2113.78:1, commit=5.98%, date=2023.06.27  ~   2023.06.28, publicDate=2023.07.06, sale=[16,878,208,538, 14,038,403,890, 9,376,425,301], profit=[-1,795,251,839, -390,633,285, -4,827,648,767], pureProfit=[-4,812,607,844, -3,187,541,675, -5,027,160,335], protect=4,374,783 주, protectPercent=55.94 %, possible=3,445,043 주, possiblePercent=44.06 %, sharedQuantity=7,819,826 주, finalCollusion=15,000), IpoEntity(id=6507ffe84634872241f162ab, ipoName=교보스팩14호, ipoCode=456490, owner=박상연, locate=서울특별시 영등포구 의사당대로 97, 17층, seed=420 (백만원), business=기타 금융업, ipoQuantity=3,850,000 주, faceValue=100 원, collusion=2,000 ~ 2,000 원, chief=교보증권, compete=74.5:1, commit=0.00%, date=2023.06.26  ~   2023.06.27, publicDate=2023.07.06, sale=[], profit=[], pureProfit=[], protect=350,000 주, protectPercent=8.33 %, possible=3,850,000 주, possiblePercent=91.67 %, sharedQuantity=4,200,000 주, finalCollusion=2,000), IpoEntity(id=650800062591c08ecc68b350, ipoName=오픈놀, ipoCode=440320, owner=권인택, locate=서울특별시 영등포구 양평로 2(당산동6가), seed=852 (백만원), business=소프트웨어 개발 및 공급업, ipoQuantity=1,650,000 주, faceValue=100 원, collusion=11,000 ~ 13,500 원, chief=하나증권, compete=49.04:1, commit=0.58%, date=2023.06.21  ~   2023.06.22, publicDate=2023.06.30, sale=[16,267,964,769, 10,866,428,196, 7,094,360,462], profit=[685,179,971, 231,899,742, 307,937,563], pureProfit=[-560,633,830, 30,711,358, 260,727,718], protect=7,220,015 주, protectPercent=73.64 %, possible=2,584,985 주, possiblePercent=26.36 %, sharedQuantity=9,805,000 주, finalCollusion=10,000), IpoEntity(id=65080020faf0e53465be3e01, ipoName=시큐센, ipoCode=232830, owner=이정주, locate=서울특별시 영등포구 가마산로 343(대림동, 콤텍빌딩 3층), seed=4,754 (백만원), business=소프트웨어 개발 및 공급업, ipoQuantity=1,948,000 주, faceValue=500 원, collusion=2,000 ~ 2,400 원, chief=신한투자증권, compete=1932.1:1, commit=12.47%, date=2023.06.20  ~   2023.06.21, publicDate=2023.06.29, sale=[39,515,795,103, 21,922,928,386, 14,913,030,413], profit=[2,171,898,590, 458,780,662, 222,051,723], pureProfit=[2,219,605,920, 477,567,597, -1,428,191,678], protect=2,931,815 주, protectPercent=25.46 %, possible=8,583,657 주, possiblePercent=74.54 %, sharedQuantity=11,515,472 주, finalCollusion=3,000), IpoEntity(id=65080039efd8544ae8a5721f, ipoName=알멕, ipoCode=354320, owner=신상호, locate=경남 창원시 성산구 공단로 148 (신촌동), seed=2,685 (백만원), business=1차 비철금속 제조업, ipoQuantity=1,000,000 주, faceValue=500 원, collusion=40,000 ~ 45,000 원, chief=NH투자증권, compete=1355.60:1, commit=51.12%, date=2023.06.20  ~   2023.06.21, publicDate=2023.06.30, sale=[156,754,943,320, 82,818,902,299, 74,505,121,863], profit=[11,276,436,299, -6,835,936,766, 3,250,363,134], pureProfit=[5,479,090,840, -13,549,178,901, 351,165,665], protect=4,088,333 주, protectPercent=68.47 %, possible=1,883,048 주, possiblePercent=31.53 %, sharedQuantity=5,971,381 주, finalCollusion=50,000), IpoEntity(id=6508005ae4755b906ffe1d83, ipoName=하나스팩29호, ipoCode=454640, owner=윤경순, locate=서울특별시 영등포구 의사당대로 82, seed=540 (백만원), business=금융 지원 서비스업, ipoQuantity=4,500,000 주, faceValue=100 원, collusion=2,000 ~ 2,000 원, chief=하나증권, compete=35.18:1, commit=0.00%, date=2023.06.19  ~   2023.06.20, publicDate=2023.06.28, sale=[], profit=[], pureProfit=[], protect=901,000 주, protectPercent=16.68 %, possible=4,500,000 주, possiblePercent=83.32 %, sharedQuantity=5,401,000 주, finalCollusion=2,000), IpoEntity(id=650800dd2f1d7de0271afa28, ipoName=NH스팩29호, ipoCode=451700, owner=박준우, locate=서울특별시 영등포구 여의대로 108, seed=1,435 (백만원), business=금융 지원 서비스업, ipoQuantity=12,750,000 주, faceValue=100 원, collusion=2,000 ~ 2,000 원, chief=NH투자증권, compete=18.31:1, commit=0.00%, date=2023.06.13  ~   2023.06.14, publicDate=2023.06.23, sale=[], profit=[], pureProfit=[], protect=1,600,000 주, protectPercent=11.15 %, possible=12,750,000 주, possiblePercent=88.85 %, sharedQuantity=14,350,000 주, finalCollusion=2,000), IpoEntity(id=65080123009b351379272467, ipoName=하이스팩8호, ipoCode=450050, owner=정우주, locate=서울특별시 영등포구 여의대로 66, seed=501 (백만원), business=금융 지원 서비스업, ipoQuantity=4,250,000 주, faceValue=100 원, collusion=2,000 ~ 2,000 원, chief=하이투자증권, compete=125.39:1, commit=0.00%, date=2023.06.13  ~   2023.06.14, publicDate=2023.06.22, sale=[], profit=[], pureProfit=[], protect=764,000 주, protectPercent=15.24 %, possible=4,250,000 주, possiblePercent=84.76 %, sharedQuantity=5,014,000 주, finalCollusion=2,000), IpoEntity(id=6508016fc1a0965d4099d156, ipoName=KB스팩25호, ipoCode=455250, owner=이현석, locate=서울특별시 영등포구 여의대방로67길 10, 405호, seed=430 (백만원), business=금융 지원 서비스업, ipoQuantity=4,000,000 주, faceValue=100 원, collusion=2,000 ~ 2,000 원, chief=케이비증권, compete=117.06:1, commit=8.05%, date=2023.06.13  ~   2023.06.14, publicDate=2023.06.23, sale=[], profit=[], pureProfit=[], protect= 305,000 주, protectPercent=7.08 %, possible=4,000,000 주, possiblePercent=92.92 %, sharedQuantity=4,305,000 주, finalCollusion=2,000)]
]]></system-out>
  <system-err><![CDATA[]]></system-err>
</testsuite>
