<?xml version="1.0" encoding="UTF-8"?>
<testsuite name="api.stock.stock.StockApplicationTests" tests="1" skipped="0" failures="0" errors="0" timestamp="2023-11-23T12:44:45" hostname="oduhoui-MacBookAir.local" time="0.356">
  <properties/>
  <testcase name="contextLoads()" classname="api.stock.stock.StockApplicationTests" time="0.356"/>
  <system-out><![CDATA[21:44:42.063 [Test worker] INFO org.springframework.test.context.support.AnnotationConfigContextLoaderUtils -- Could not detect default configuration classes for test class [api.stock.stock.StockApplicationTests]: StockApplicationTests does not declare any static, non-private, non-final, nested classes annotated with @Configuration.
21:44:42.120 [Test worker] INFO org.springframework.boot.test.context.SpringBootTestContextBootstrapper -- Found @SpringBootConfiguration api.stock.stock.StockApplication for test class api.stock.stock.StockApplicationTests

  .   ____          _            __ _ _
 /\\ / ___'_ __ _ _(_)_ __  __ _ \ \ \ \
( ( )\___ | '_ | '_| | '_ \/ _` | \ \ \ \
 \\/  ___)| |_)| | | | | || (_| |  ) ) ) )
  '  |____| .__|_| |_|_| |_\__, | / / / /
 =========|_|==============|___/=/_/_/_/
 :: Spring Boot ::                (v3.1.3)

2023-11-23T21:44:42.264+09:00  INFO 76955 --- [    Test worker] api.stock.stock.StockApplicationTests    : Starting StockApplicationTests using Java 17.0.5 with PID 76955 (started by oduho in /Users/oduho/Desktop/Stock_Project/stock_V2)
2023-11-23T21:44:42.264+09:00 DEBUG 76955 --- [    Test worker] api.stock.stock.StockApplicationTests    : Running with Spring Boot v3.1.3, Spring v6.0.11
2023-11-23T21:44:42.265+09:00  INFO 76955 --- [    Test worker] api.stock.stock.StockApplicationTests    : No active profile set, falling back to 1 default profile: "default"
2023-11-23T21:44:42.500+09:00  INFO 76955 --- [    Test worker] .s.d.r.c.RepositoryConfigurationDelegate : Multiple Spring Data modules found, entering strict repository configuration mode
2023-11-23T21:44:42.500+09:00  INFO 76955 --- [    Test worker] .s.d.r.c.RepositoryConfigurationDelegate : Bootstrapping Spring Data Redis repositories in DEFAULT mode.
2023-11-23T21:44:42.509+09:00  INFO 76955 --- [    Test worker] .s.d.r.c.RepositoryConfigurationDelegate : Finished Spring Data repository scanning in 2 ms. Found 0 Redis repository interfaces.
2023-11-23T21:44:42.605+09:00  INFO 76955 --- [    Test worker] .s.d.r.c.RepositoryConfigurationDelegate : Multiple Spring Data modules found, entering strict repository configuration mode
2023-11-23T21:44:42.606+09:00  INFO 76955 --- [    Test worker] .s.d.r.c.RepositoryConfigurationDelegate : Bootstrapping Spring Data JPA repositories in DEFAULT mode.
2023-11-23T21:44:42.662+09:00  INFO 76955 --- [    Test worker] .RepositoryConfigurationExtensionSupport : Spring Data JPA - Could not safely identify store assignment for repository candidate interface api.stock.stock.api.ipo.IpoRepository; If you want this repository to be a JPA repository, consider annotating your entities with one of these annotations: jakarta.persistence.Entity, jakarta.persistence.MappedSuperclass (preferred), or consider extending one of the following types with your repository: org.springframework.data.jpa.repository.JpaRepository
2023-11-23T21:44:42.678+09:00  INFO 76955 --- [    Test worker] .s.d.r.c.RepositoryConfigurationDelegate : Finished Spring Data repository scanning in 70 ms. Found 7 JPA repository interfaces.
2023-11-23T21:44:42.692+09:00  INFO 76955 --- [    Test worker] .s.d.r.c.RepositoryConfigurationDelegate : Multiple Spring Data modules found, entering strict repository configuration mode
2023-11-23T21:44:42.693+09:00  INFO 76955 --- [    Test worker] .s.d.r.c.RepositoryConfigurationDelegate : Bootstrapping Spring Data Reactive MongoDB repositories in DEFAULT mode.
2023-11-23T21:44:42.698+09:00  INFO 76955 --- [    Test worker] .RepositoryConfigurationExtensionSupport : Spring Data Reactive MongoDB - Could not safely identify store assignment for repository candidate interface api.stock.stock.api.community.board.BoardRepository; If you want this repository to be a Reactive MongoDB repository, consider annotating your entities with one of these annotations: org.springframework.data.mongodb.core.mapping.Document (preferred), or consider extending one of the following types with your repository: org.springframework.data.mongodb.repository.ReactiveMongoRepository
2023-11-23T21:44:42.698+09:00  INFO 76955 --- [    Test worker] .RepositoryConfigurationExtensionSupport : Spring Data Reactive MongoDB - Could not safely identify store assignment for repository candidate interface api.stock.stock.api.community.comment.CommentRepository; If you want this repository to be a Reactive MongoDB repository, consider annotating your entities with one of these annotations: org.springframework.data.mongodb.core.mapping.Document (preferred), or consider extending one of the following types with your repository: org.springframework.data.mongodb.repository.ReactiveMongoRepository
2023-11-23T21:44:42.698+09:00  INFO 76955 --- [    Test worker] .RepositoryConfigurationExtensionSupport : Spring Data Reactive MongoDB - Could not safely identify store assignment for repository candidate interface api.stock.stock.api.community.liky.LikesRepository; If you want this repository to be a Reactive MongoDB repository, consider annotating your entities with one of these annotations: org.springframework.data.mongodb.core.mapping.Document (preferred), or consider extending one of the following types with your repository: org.springframework.data.mongodb.repository.ReactiveMongoRepository
2023-11-23T21:44:42.698+09:00  INFO 76955 --- [    Test worker] .RepositoryConfigurationExtensionSupport : Spring Data Reactive MongoDB - Could not safely identify store assignment for repository candidate interface api.stock.stock.api.ipo.FavorRepository; If you want this repository to be a Reactive MongoDB repository, consider annotating your entities with one of these annotations: org.springframework.data.mongodb.core.mapping.Document (preferred), or consider extending one of the following types with your repository: org.springframework.data.mongodb.repository.ReactiveMongoRepository
2023-11-23T21:44:42.699+09:00  INFO 76955 --- [    Test worker] .RepositoryConfigurationExtensionSupport : Spring Data Reactive MongoDB - Could not safely identify store assignment for repository candidate interface api.stock.stock.api.search.SearchRepository; If you want this repository to be a Reactive MongoDB repository, consider annotating your entities with one of these annotations: org.springframework.data.mongodb.core.mapping.Document (preferred), or consider extending one of the following types with your repository: org.springframework.data.mongodb.repository.ReactiveMongoRepository
2023-11-23T21:44:42.699+09:00  INFO 76955 --- [    Test worker] .RepositoryConfigurationExtensionSupport : Spring Data Reactive MongoDB - Could not safely identify store assignment for repository candidate interface api.stock.stock.api.trade.TradeRepository; If you want this repository to be a Reactive MongoDB repository, consider annotating your entities with one of these annotations: org.springframework.data.mongodb.core.mapping.Document (preferred), or consider extending one of the following types with your repository: org.springframework.data.mongodb.repository.ReactiveMongoRepository
2023-11-23T21:44:42.699+09:00  INFO 76955 --- [    Test worker] .RepositoryConfigurationExtensionSupport : Spring Data Reactive MongoDB - Could not safely identify store assignment for repository candidate interface api.stock.stock.api.user.UserRepository; If you want this repository to be a Reactive MongoDB repository, consider annotating your entities with one of these annotations: org.springframework.data.mongodb.core.mapping.Document (preferred), or consider extending one of the following types with your repository: org.springframework.data.mongodb.repository.ReactiveMongoRepository
2023-11-23T21:44:42.699+09:00  INFO 76955 --- [    Test worker] .s.d.r.c.RepositoryConfigurationDelegate : Finished Spring Data repository scanning in 6 ms. Found 0 Reactive MongoDB repository interfaces.
2023-11-23T21:44:42.701+09:00  INFO 76955 --- [    Test worker] .s.d.r.c.RepositoryConfigurationDelegate : Multiple Spring Data modules found, entering strict repository configuration mode
2023-11-23T21:44:42.701+09:00  INFO 76955 --- [    Test worker] .s.d.r.c.RepositoryConfigurationDelegate : Bootstrapping Spring Data MongoDB repositories in DEFAULT mode.
2023-11-23T21:44:42.704+09:00  INFO 76955 --- [    Test worker] .RepositoryConfigurationExtensionSupport : Spring Data MongoDB - Could not safely identify store assignment for repository candidate interface api.stock.stock.api.community.board.BoardRepository; If you want this repository to be a MongoDB repository, consider annotating your entities with one of these annotations: org.springframework.data.mongodb.core.mapping.Document (preferred), or consider extending one of the following types with your repository: org.springframework.data.mongodb.repository.MongoRepository
2023-11-23T21:44:42.705+09:00  INFO 76955 --- [    Test worker] .RepositoryConfigurationExtensionSupport : Spring Data MongoDB - Could not safely identify store assignment for repository candidate interface api.stock.stock.api.community.comment.CommentRepository; If you want this repository to be a MongoDB repository, consider annotating your entities with one of these annotations: org.springframework.data.mongodb.core.mapping.Document (preferred), or consider extending one of the following types with your repository: org.springframework.data.mongodb.repository.MongoRepository
2023-11-23T21:44:42.705+09:00  INFO 76955 --- [    Test worker] .RepositoryConfigurationExtensionSupport : Spring Data MongoDB - Could not safely identify store assignment for repository candidate interface api.stock.stock.api.community.liky.LikesRepository; If you want this repository to be a MongoDB repository, consider annotating your entities with one of these annotations: org.springframework.data.mongodb.core.mapping.Document (preferred), or consider extending one of the following types with your repository: org.springframework.data.mongodb.repository.MongoRepository
2023-11-23T21:44:42.705+09:00  INFO 76955 --- [    Test worker] .RepositoryConfigurationExtensionSupport : Spring Data MongoDB - Could not safely identify store assignment for repository candidate interface api.stock.stock.api.ipo.FavorRepository; If you want this repository to be a MongoDB repository, consider annotating your entities with one of these annotations: org.springframework.data.mongodb.core.mapping.Document (preferred), or consider extending one of the following types with your repository: org.springframework.data.mongodb.repository.MongoRepository
2023-11-23T21:44:42.705+09:00  INFO 76955 --- [    Test worker] .RepositoryConfigurationExtensionSupport : Spring Data MongoDB - Could not safely identify store assignment for repository candidate interface api.stock.stock.api.search.SearchRepository; If you want this repository to be a MongoDB repository, consider annotating your entities with one of these annotations: org.springframework.data.mongodb.core.mapping.Document (preferred), or consider extending one of the following types with your repository: org.springframework.data.mongodb.repository.MongoRepository
2023-11-23T21:44:42.705+09:00  INFO 76955 --- [    Test worker] .RepositoryConfigurationExtensionSupport : Spring Data MongoDB - Could not safely identify store assignment for repository candidate interface api.stock.stock.api.trade.TradeRepository; If you want this repository to be a MongoDB repository, consider annotating your entities with one of these annotations: org.springframework.data.mongodb.core.mapping.Document (preferred), or consider extending one of the following types with your repository: org.springframework.data.mongodb.repository.MongoRepository
2023-11-23T21:44:42.705+09:00  INFO 76955 --- [    Test worker] .RepositoryConfigurationExtensionSupport : Spring Data MongoDB - Could not safely identify store assignment for repository candidate interface api.stock.stock.api.user.UserRepository; If you want this repository to be a MongoDB repository, consider annotating your entities with one of these annotations: org.springframework.data.mongodb.core.mapping.Document (preferred), or consider extending one of the following types with your repository: org.springframework.data.mongodb.repository.MongoRepository
2023-11-23T21:44:42.708+09:00  INFO 76955 --- [    Test worker] .s.d.r.c.RepositoryConfigurationDelegate : Finished Spring Data repository scanning in 6 ms. Found 1 MongoDB repository interfaces.
2023-11-23T21:44:42.711+09:00  INFO 76955 --- [    Test worker] .s.d.r.c.RepositoryConfigurationDelegate : Multiple Spring Data modules found, entering strict repository configuration mode
2023-11-23T21:44:42.711+09:00  INFO 76955 --- [    Test worker] .s.d.r.c.RepositoryConfigurationDelegate : Bootstrapping Spring Data Redis repositories in DEFAULT mode.
2023-11-23T21:44:42.716+09:00  INFO 76955 --- [    Test worker] .RepositoryConfigurationExtensionSupport : Spring Data Redis - Could not safely identify store assignment for repository candidate interface api.stock.stock.api.community.board.BoardRepository; If you want this repository to be a Redis repository, consider annotating your entities with one of these annotations: org.springframework.data.redis.core.RedisHash (preferred), or consider extending one of the following types with your repository: org.springframework.data.keyvalue.repository.KeyValueRepository
2023-11-23T21:44:42.716+09:00  INFO 76955 --- [    Test worker] .RepositoryConfigurationExtensionSupport : Spring Data Redis - Could not safely identify store assignment for repository candidate interface api.stock.stock.api.community.comment.CommentRepository; If you want this repository to be a Redis repository, consider annotating your entities with one of these annotations: org.springframework.data.redis.core.RedisHash (preferred), or consider extending one of the following types with your repository: org.springframework.data.keyvalue.repository.KeyValueRepository
2023-11-23T21:44:42.716+09:00  INFO 76955 --- [    Test worker] .RepositoryConfigurationExtensionSupport : Spring Data Redis - Could not safely identify store assignment for repository candidate interface api.stock.stock.api.community.liky.LikesRepository; If you want this repository to be a Redis repository, consider annotating your entities with one of these annotations: org.springframework.data.redis.core.RedisHash (preferred), or consider extending one of the following types with your repository: org.springframework.data.keyvalue.repository.KeyValueRepository
2023-11-23T21:44:42.716+09:00  INFO 76955 --- [    Test worker] .RepositoryConfigurationExtensionSupport : Spring Data Redis - Could not safely identify store assignment for repository candidate interface api.stock.stock.api.ipo.FavorRepository; If you want this repository to be a Redis repository, consider annotating your entities with one of these annotations: org.springframework.data.redis.core.RedisHash (preferred), or consider extending one of the following types with your repository: org.springframework.data.keyvalue.repository.KeyValueRepository
2023-11-23T21:44:42.717+09:00  INFO 76955 --- [    Test worker] .RepositoryConfigurationExtensionSupport : Spring Data Redis - Could not safely identify store assignment for repository candidate interface api.stock.stock.api.ipo.IpoRepository; If you want this repository to be a Redis repository, consider annotating your entities with one of these annotations: org.springframework.data.redis.core.RedisHash (preferred), or consider extending one of the following types with your repository: org.springframework.data.keyvalue.repository.KeyValueRepository
2023-11-23T21:44:42.717+09:00  INFO 76955 --- [    Test worker] .RepositoryConfigurationExtensionSupport : Spring Data Redis - Could not safely identify store assignment for repository candidate interface api.stock.stock.api.search.SearchRepository; If you want this repository to be a Redis repository, consider annotating your entities with one of these annotations: org.springframework.data.redis.core.RedisHash (preferred), or consider extending one of the following types with your repository: org.springframework.data.keyvalue.repository.KeyValueRepository
2023-11-23T21:44:42.717+09:00  INFO 76955 --- [    Test worker] .RepositoryConfigurationExtensionSupport : Spring Data Redis - Could not safely identify store assignment for repository candidate interface api.stock.stock.api.trade.TradeRepository; If you want this repository to be a Redis repository, consider annotating your entities with one of these annotations: org.springframework.data.redis.core.RedisHash (preferred), or consider extending one of the following types with your repository: org.springframework.data.keyvalue.repository.KeyValueRepository
2023-11-23T21:44:42.717+09:00  INFO 76955 --- [    Test worker] .RepositoryConfigurationExtensionSupport : Spring Data Redis - Could not safely identify store assignment for repository candidate interface api.stock.stock.api.user.UserRepository; If you want this repository to be a Redis repository, consider annotating your entities with one of these annotations: org.springframework.data.redis.core.RedisHash (preferred), or consider extending one of the following types with your repository: org.springframework.data.keyvalue.repository.KeyValueRepository
2023-11-23T21:44:42.717+09:00  INFO 76955 --- [    Test worker] .s.d.r.c.RepositoryConfigurationDelegate : Finished Spring Data repository scanning in 5 ms. Found 0 Redis repository interfaces.
2023-11-23T21:44:42.928+09:00  INFO 76955 --- [    Test worker] com.zaxxer.hikari.HikariDataSource       : HikariPool-1 - Starting...
2023-11-23T21:44:43.252+09:00  INFO 76955 --- [    Test worker] com.zaxxer.hikari.pool.HikariPool        : HikariPool-1 - Added connection org.mariadb.jdbc.Connection@5f5297e3
2023-11-23T21:44:43.253+09:00  INFO 76955 --- [    Test worker] com.zaxxer.hikari.HikariDataSource       : HikariPool-1 - Start completed.
2023-11-23T21:44:43.273+09:00  INFO 76955 --- [    Test worker] o.hibernate.jpa.internal.util.LogHelper  : HHH000204: Processing PersistenceUnitInfo [name: default]
2023-11-23T21:44:43.293+09:00  INFO 76955 --- [    Test worker] org.hibernate.Version                    : HHH000412: Hibernate ORM core version 6.2.7.Final
2023-11-23T21:44:43.294+09:00  INFO 76955 --- [    Test worker] org.hibernate.cfg.Environment            : HHH000406: Using bytecode reflection optimizer
2023-11-23T21:44:43.343+09:00  INFO 76955 --- [    Test worker] o.h.b.i.BytecodeProviderInitiator        : HHH000021: Bytecode provider name : bytebuddy
2023-11-23T21:44:43.399+09:00  INFO 76955 --- [    Test worker] o.s.o.j.p.SpringPersistenceUnitInfo      : No LoadTimeWeaver setup: ignoring JPA class transformer
2023-11-23T21:44:43.681+09:00  INFO 76955 --- [    Test worker] o.h.b.i.BytecodeProviderInitiator        : HHH000021: Bytecode provider name : bytebuddy
2023-11-23T21:44:43.975+09:00  INFO 76955 --- [    Test worker] o.h.e.t.j.p.i.JtaPlatformInitiator       : HHH000490: Using JtaPlatform implementation: [org.hibernate.engine.transaction.jta.platform.internal.NoJtaPlatform]
2023-11-23T21:44:43.977+09:00  INFO 76955 --- [    Test worker] j.LocalContainerEntityManagerFactoryBean : Initialized JPA EntityManagerFactory for persistence unit 'default'
2023-11-23T21:44:44.681+09:00  INFO 76955 --- [    Test worker] org.mongodb.driver.client                : MongoClient with metadata {"driver": {"name": "mongo-java-driver|sync", "version": "4.9.1"}, "os": {"type": "Darwin", "name": "Mac OS X", "architecture": "aarch64", "version": "14.1.1"}, "platform": "Java/Amazon.com Inc./17.0.5+8-LTS"} created with settings MongoClientSettings{readPreference=primary, writeConcern=WriteConcern{w=majority, wTimeout=null ms, journal=null}, retryWrites=true, retryReads=true, readConcern=ReadConcern{level=null}, credential=MongoCredential{mechanism=null, userName='engh0205', source='admin', password=<hidden>, mechanismProperties=<hidden>}, streamFactoryFactory=null, commandListeners=[], codecRegistry=ProvidersCodecRegistry{codecProviders=[ValueCodecProvider{}, BsonValueCodecProvider{}, DBRefCodecProvider{}, DBObjectCodecProvider{}, DocumentCodecProvider{}, CollectionCodecProvider{}, IterableCodecProvider{}, MapCodecProvider{}, GeoJsonCodecProvider{}, GridFSFileCodecProvider{}, Jsr310CodecProvider{}, JsonObjectCodecProvider{}, BsonCodecProvider{}, EnumCodecProvider{}, com.mongodb.client.model.mql.ExpressionCodecProvider@4fdea2de, com.mongodb.Jep395RecordCodecProvider@5ea24702]}, loggerSettings=LoggerSettings{maxDocumentLength=1000}, clusterSettings={hosts=[127.0.0.1:27017], srvHost=stockcluster.m2fm1sr.mongodb.net, srvServiceName=mongodb, mode=MULTIPLE, requiredClusterType=REPLICA_SET, requiredReplicaSetName='atlas-14nsis-shard-0', serverSelector='null', clusterListeners='[]', serverSelectionTimeout='30000 ms', localThreshold='30000 ms'}, socketSettings=SocketSettings{connectTimeoutMS=10000, readTimeoutMS=0, receiveBufferSize=0, sendBufferSize=0}, heartbeatSocketSettings=SocketSettings{connectTimeoutMS=10000, readTimeoutMS=10000, receiveBufferSize=0, sendBufferSize=0}, connectionPoolSettings=ConnectionPoolSettings{maxSize=100, minSize=0, maxWaitTimeMS=120000, maxConnectionLifeTimeMS=0, maxConnectionIdleTimeMS=0, maintenanceInitialDelayMS=0, maintenanceFrequencyMS=60000, connectionPoolListeners=[], maxConnecting=2}, serverSettings=ServerSettings{heartbeatFrequencyMS=10000, minHeartbeatFrequencyMS=500, serverListeners='[]', serverMonitorListeners='[]'}, sslSettings=SslSettings{enabled=true, invalidHostNameAllowed=false, context=null}, applicationName='null', compressorList=[], uuidRepresentation=UNSPECIFIED, serverApi=null, autoEncryptionSettings=null, contextProvider=null}
2023-11-23T21:44:44.695+09:00  INFO 76955 --- [1sr.mongodb.net] org.mongodb.driver.cluster               : Adding discovered server ac-jkcwjmv-shard-00-00.m2fm1sr.mongodb.net:27017 to client view of cluster
2023-11-23T21:44:44.705+09:00  INFO 76955 --- [1sr.mongodb.net] org.mongodb.driver.cluster               : Adding discovered server ac-jkcwjmv-shard-00-01.m2fm1sr.mongodb.net:27017 to client view of cluster
2023-11-23T21:44:44.705+09:00  INFO 76955 --- [1sr.mongodb.net] org.mongodb.driver.cluster               : Adding discovered server ac-jkcwjmv-shard-00-02.m2fm1sr.mongodb.net:27017 to client view of cluster
2023-11-23T21:44:44.795+09:00  INFO 76955 --- [    Test worker] o.s.d.j.r.query.QueryEnhancerFactory     : Hibernate is in classpath; If applicable, HQL parser will be used.
2023-11-23T21:44:44.998+09:00  INFO 76955 --- [ngodb.net:27017] org.mongodb.driver.cluster               : Monitor thread successfully connected to server with description ServerDescription{address=ac-jkcwjmv-shard-00-01.m2fm1sr.mongodb.net:27017, type=REPLICA_SET_PRIMARY, state=CONNECTED, ok=true, minWireVersion=0, maxWireVersion=17, maxDocumentSize=16777216, logicalSessionTimeoutMinutes=30, roundTripTimeNanos=154975083, setName='atlas-14nsis-shard-0', canonicalAddress=ac-jkcwjmv-shard-00-01.m2fm1sr.mongodb.net:27017, hosts=[ac-jkcwjmv-shard-00-00.m2fm1sr.mongodb.net:27017, ac-jkcwjmv-shard-00-02.m2fm1sr.mongodb.net:27017, ac-jkcwjmv-shard-00-01.m2fm1sr.mongodb.net:27017], passives=[], arbiters=[], primary='ac-jkcwjmv-shard-00-01.m2fm1sr.mongodb.net:27017', tagSet=TagSet{[Tag{name='availabilityZone', value='apne2-az3'}, Tag{name='nodeType', value='ELECTABLE'}, Tag{name='provider', value='AWS'}, Tag{name='region', value='AP_NORTHEAST_2'}, Tag{name='workloadType', value='OPERATIONAL'}]}, electionId=7fffffff0000000000000087, setVersion=2, topologyVersion=TopologyVersion{processId=655e37e944c0b00c472eb0ec, counter=6}, lastWriteDate=Thu Nov 23 21:44:44 KST 2023, lastUpdateTimeNanos=207413036291208}
2023-11-23T21:44:44.998+09:00  INFO 76955 --- [ngodb.net:27017] org.mongodb.driver.cluster               : Monitor thread successfully connected to server with description ServerDescription{address=ac-jkcwjmv-shard-00-00.m2fm1sr.mongodb.net:27017, type=REPLICA_SET_SECONDARY, state=CONNECTED, ok=true, minWireVersion=0, maxWireVersion=17, maxDocumentSize=16777216, logicalSessionTimeoutMinutes=30, roundTripTimeNanos=160128709, setName='atlas-14nsis-shard-0', canonicalAddress=ac-jkcwjmv-shard-00-00.m2fm1sr.mongodb.net:27017, hosts=[ac-jkcwjmv-shard-00-00.m2fm1sr.mongodb.net:27017, ac-jkcwjmv-shard-00-02.m2fm1sr.mongodb.net:27017, ac-jkcwjmv-shard-00-01.m2fm1sr.mongodb.net:27017], passives=[], arbiters=[], primary='ac-jkcwjmv-shard-00-01.m2fm1sr.mongodb.net:27017', tagSet=TagSet{[Tag{name='availabilityZone', value='apne2-az1'}, Tag{name='nodeType', value='ELECTABLE'}, Tag{name='provider', value='AWS'}, Tag{name='region', value='AP_NORTHEAST_2'}, Tag{name='workloadType', value='OPERATIONAL'}]}, electionId=null, setVersion=2, topologyVersion=TopologyVersion{processId=655e35da5e492d8626d31d55, counter=4}, lastWriteDate=Thu Nov 23 21:44:44 KST 2023, lastUpdateTimeNanos=207413040119625}
2023-11-23T21:44:44.998+09:00  INFO 76955 --- [ngodb.net:27017] org.mongodb.driver.cluster               : Monitor thread successfully connected to server with description ServerDescription{address=ac-jkcwjmv-shard-00-02.m2fm1sr.mongodb.net:27017, type=REPLICA_SET_SECONDARY, state=CONNECTED, ok=true, minWireVersion=0, maxWireVersion=17, maxDocumentSize=16777216, logicalSessionTimeoutMinutes=30, roundTripTimeNanos=160297291, setName='atlas-14nsis-shard-0', canonicalAddress=ac-jkcwjmv-shard-00-02.m2fm1sr.mongodb.net:27017, hosts=[ac-jkcwjmv-shard-00-00.m2fm1sr.mongodb.net:27017, ac-jkcwjmv-shard-00-02.m2fm1sr.mongodb.net:27017, ac-jkcwjmv-shard-00-01.m2fm1sr.mongodb.net:27017], passives=[], arbiters=[], primary='ac-jkcwjmv-shard-00-01.m2fm1sr.mongodb.net:27017', tagSet=TagSet{[Tag{name='availabilityZone', value='apne2-az2'}, Tag{name='nodeType', value='ELECTABLE'}, Tag{name='provider', value='AWS'}, Tag{name='region', value='AP_NORTHEAST_2'}, Tag{name='workloadType', value='OPERATIONAL'}]}, electionId=null, setVersion=2, topologyVersion=TopologyVersion{processId=655e39eb359b5af40b5e5ce1, counter=3}, lastWriteDate=Thu Nov 23 21:44:44 KST 2023, lastUpdateTimeNanos=207413041578833}
2023-11-23T21:44:45.002+09:00  INFO 76955 --- [ngodb.net:27017] org.mongodb.driver.cluster               : Discovered replica set primary ac-jkcwjmv-shard-00-01.m2fm1sr.mongodb.net:27017 with max election id 7fffffff0000000000000087 and max set version 2
2023-11-23T21:44:45.037+09:00  WARN 76955 --- [    Test worker] JpaBaseConfiguration$JpaWebConfiguration : spring.jpa.open-in-view is enabled by default. Therefore, database queries may be performed during view rendering. Explicitly configure spring.jpa.open-in-view to disable this warning
2023-11-23T21:44:45.050+09:00  WARN 76955 --- [    Test worker] .s.s.UserDetailsServiceAutoConfiguration : 

Using generated security password: ad22420a-6e96-4737-bb4f-aacca3937fac

This generated password is for development use only. Your security configuration must be updated before running your application in production.

2023-11-23T21:44:45.098+09:00  INFO 76955 --- [    Test worker] o.s.b.a.w.s.WelcomePageHandlerMapping    : Adding welcome page: class path resource [static/index.html]
2023-11-23T21:44:45.177+09:00  INFO 76955 --- [    Test worker] o.s.s.web.DefaultSecurityFilterChain     : Will secure any request with [org.springframework.security.web.session.DisableEncodeUrlFilter@32142479, org.springframework.security.web.context.request.async.WebAsyncManagerIntegrationFilter@7aece85c, org.springframework.security.web.context.SecurityContextHolderFilter@19a5cfb8, org.springframework.security.web.header.HeaderWriterFilter@7324d83, org.springframework.web.filter.CorsFilter@58842f55, org.springframework.security.web.authentication.logout.LogoutFilter@79009bde, api.stock.stock.global.filter.JwtAuthenticationFilter@38f0de07, org.springframework.security.web.savedrequest.RequestCacheAwareFilter@35e79be0, org.springframework.security.web.servletapi.SecurityContextHolderAwareRequestFilter@1f47e14d, org.springframework.security.web.authentication.AnonymousAuthenticationFilter@dc6c5ca, org.springframework.security.web.session.SessionManagementFilter@6465f4a, org.springframework.security.web.access.ExceptionTranslationFilter@427b24c0, org.springframework.security.web.access.intercept.AuthorizationFilter@68a4129d]
2023-11-23T21:44:45.333+09:00  INFO 76955 --- [    Test worker] org.mongodb.driver.client                : MongoClient with metadata {"driver": {"name": "mongo-java-driver|reactive-streams|spring-boot", "version": "4.9.1"}, "os": {"type": "Darwin", "name": "Mac OS X", "architecture": "aarch64", "version": "14.1.1"}, "platform": "Java/Amazon.com Inc./17.0.5+8-LTS"} created with settings MongoClientSettings{readPreference=primary, writeConcern=WriteConcern{w=majority, wTimeout=null ms, journal=null}, retryWrites=true, retryReads=true, readConcern=ReadConcern{level=null}, credential=MongoCredential{mechanism=null, userName='engh0205', source='admin', password=<hidden>, mechanismProperties=<hidden>}, streamFactoryFactory=NettyStreamFactoryFactory{eventLoopGroup=io.netty.channel.nio.NioEventLoopGroup@1e019687, socketChannelClass=class io.netty.channel.socket.nio.NioSocketChannel, allocator=PooledByteBufAllocator(directByDefault: true), sslContext=null}, commandListeners=[], codecRegistry=ProvidersCodecRegistry{codecProviders=[ValueCodecProvider{}, BsonValueCodecProvider{}, DBRefCodecProvider{}, DBObjectCodecProvider{}, DocumentCodecProvider{}, CollectionCodecProvider{}, IterableCodecProvider{}, MapCodecProvider{}, GeoJsonCodecProvider{}, GridFSFileCodecProvider{}, Jsr310CodecProvider{}, JsonObjectCodecProvider{}, BsonCodecProvider{}, EnumCodecProvider{}, com.mongodb.client.model.mql.ExpressionCodecProvider@4fdea2de, com.mongodb.Jep395RecordCodecProvider@5ea24702]}, loggerSettings=LoggerSettings{maxDocumentLength=1000}, clusterSettings={hosts=[127.0.0.1:27017], srvHost=stockcluster.m2fm1sr.mongodb.net, srvServiceName=mongodb, mode=MULTIPLE, requiredClusterType=REPLICA_SET, requiredReplicaSetName='atlas-14nsis-shard-0', serverSelector='null', clusterListeners='[]', serverSelectionTimeout='30000 ms', localThreshold='30000 ms'}, socketSettings=SocketSettings{connectTimeoutMS=10000, readTimeoutMS=0, receiveBufferSize=0, sendBufferSize=0}, heartbeatSocketSettings=SocketSettings{connectTimeoutMS=10000, readTimeoutMS=10000, receiveBufferSize=0, sendBufferSize=0}, connectionPoolSettings=ConnectionPoolSettings{maxSize=100, minSize=0, maxWaitTimeMS=120000, maxConnectionLifeTimeMS=0, maxConnectionIdleTimeMS=0, maintenanceInitialDelayMS=0, maintenanceFrequencyMS=60000, connectionPoolListeners=[], maxConnecting=2}, serverSettings=ServerSettings{heartbeatFrequencyMS=10000, minHeartbeatFrequencyMS=500, serverListeners='[]', serverMonitorListeners='[]'}, sslSettings=SslSettings{enabled=true, invalidHostNameAllowed=false, context=null}, applicationName='null', compressorList=[], uuidRepresentation=JAVA_LEGACY, serverApi=null, autoEncryptionSettings=null, contextProvider=null}
2023-11-23T21:44:45.333+09:00  INFO 76955 --- [1sr.mongodb.net] org.mongodb.driver.cluster               : Adding discovered server ac-jkcwjmv-shard-00-01.m2fm1sr.mongodb.net:27017 to client view of cluster
2023-11-23T21:44:45.334+09:00  INFO 76955 --- [1sr.mongodb.net] org.mongodb.driver.cluster               : Adding discovered server ac-jkcwjmv-shard-00-00.m2fm1sr.mongodb.net:27017 to client view of cluster
2023-11-23T21:44:45.335+09:00  INFO 76955 --- [1sr.mongodb.net] org.mongodb.driver.cluster               : Adding discovered server ac-jkcwjmv-shard-00-02.m2fm1sr.mongodb.net:27017 to client view of cluster
2023-11-23T21:44:45.374+09:00  INFO 76955 --- [    Test worker] api.stock.stock.StockApplicationTests    : Started StockApplicationTests in 3.201 seconds (process running for 3.684)
2023-11-23T21:44:45.458+09:00  INFO 76955 --- [ngodb.net:27017] org.mongodb.driver.cluster               : Monitor thread successfully connected to server with description ServerDescription{address=ac-jkcwjmv-shard-00-02.m2fm1sr.mongodb.net:27017, type=REPLICA_SET_SECONDARY, state=CONNECTED, ok=true, minWireVersion=0, maxWireVersion=17, maxDocumentSize=16777216, logicalSessionTimeoutMinutes=30, roundTripTimeNanos=79380459, setName='atlas-14nsis-shard-0', canonicalAddress=ac-jkcwjmv-shard-00-02.m2fm1sr.mongodb.net:27017, hosts=[ac-jkcwjmv-shard-00-00.m2fm1sr.mongodb.net:27017, ac-jkcwjmv-shard-00-02.m2fm1sr.mongodb.net:27017, ac-jkcwjmv-shard-00-01.m2fm1sr.mongodb.net:27017], passives=[], arbiters=[], primary='ac-jkcwjmv-shard-00-01.m2fm1sr.mongodb.net:27017', tagSet=TagSet{[Tag{name='availabilityZone', value='apne2-az2'}, Tag{name='nodeType', value='ELECTABLE'}, Tag{name='provider', value='AWS'}, Tag{name='region', value='AP_NORTHEAST_2'}, Tag{name='workloadType', value='OPERATIONAL'}]}, electionId=null, setVersion=2, topologyVersion=TopologyVersion{processId=655e39eb359b5af40b5e5ce1, counter=3}, lastWriteDate=Thu Nov 23 21:44:45 KST 2023, lastUpdateTimeNanos=207413504587875}
2023-11-23T21:44:45.464+09:00  INFO 76955 --- [ngodb.net:27017] org.mongodb.driver.cluster               : Monitor thread successfully connected to server with description ServerDescription{address=ac-jkcwjmv-shard-00-00.m2fm1sr.mongodb.net:27017, type=REPLICA_SET_SECONDARY, state=CONNECTED, ok=true, minWireVersion=0, maxWireVersion=17, maxDocumentSize=16777216, logicalSessionTimeoutMinutes=30, roundTripTimeNanos=85707875, setName='atlas-14nsis-shard-0', canonicalAddress=ac-jkcwjmv-shard-00-00.m2fm1sr.mongodb.net:27017, hosts=[ac-jkcwjmv-shard-00-00.m2fm1sr.mongodb.net:27017, ac-jkcwjmv-shard-00-02.m2fm1sr.mongodb.net:27017, ac-jkcwjmv-shard-00-01.m2fm1sr.mongodb.net:27017], passives=[], arbiters=[], primary='ac-jkcwjmv-shard-00-01.m2fm1sr.mongodb.net:27017', tagSet=TagSet{[Tag{name='availabilityZone', value='apne2-az1'}, Tag{name='nodeType', value='ELECTABLE'}, Tag{name='provider', value='AWS'}, Tag{name='region', value='AP_NORTHEAST_2'}, Tag{name='workloadType', value='OPERATIONAL'}]}, electionId=null, setVersion=2, topologyVersion=TopologyVersion{processId=655e35da5e492d8626d31d55, counter=4}, lastWriteDate=Thu Nov 23 21:44:45 KST 2023, lastUpdateTimeNanos=207413510903125}
2023-11-23T21:44:45.471+09:00  INFO 76955 --- [ngodb.net:27017] org.mongodb.driver.cluster               : Monitor thread successfully connected to server with description ServerDescription{address=ac-jkcwjmv-shard-00-01.m2fm1sr.mongodb.net:27017, type=REPLICA_SET_PRIMARY, state=CONNECTED, ok=true, minWireVersion=0, maxWireVersion=17, maxDocumentSize=16777216, logicalSessionTimeoutMinutes=30, roundTripTimeNanos=91143583, setName='atlas-14nsis-shard-0', canonicalAddress=ac-jkcwjmv-shard-00-01.m2fm1sr.mongodb.net:27017, hosts=[ac-jkcwjmv-shard-00-00.m2fm1sr.mongodb.net:27017, ac-jkcwjmv-shard-00-02.m2fm1sr.mongodb.net:27017, ac-jkcwjmv-shard-00-01.m2fm1sr.mongodb.net:27017], passives=[], arbiters=[], primary='ac-jkcwjmv-shard-00-01.m2fm1sr.mongodb.net:27017', tagSet=TagSet{[Tag{name='availabilityZone', value='apne2-az3'}, Tag{name='nodeType', value='ELECTABLE'}, Tag{name='provider', value='AWS'}, Tag{name='region', value='AP_NORTHEAST_2'}, Tag{name='workloadType', value='OPERATIONAL'}]}, electionId=7fffffff0000000000000087, setVersion=2, topologyVersion=TopologyVersion{processId=655e37e944c0b00c472eb0ec, counter=6}, lastWriteDate=Thu Nov 23 21:44:45 KST 2023, lastUpdateTimeNanos=207413517069208}
2023-11-23T21:44:45.480+09:00  INFO 76955 --- [ngodb.net:27017] org.mongodb.driver.cluster               : Discovered replica set primary ac-jkcwjmv-shard-00-01.m2fm1sr.mongodb.net:27017 with max election id 7fffffff0000000000000087 and max set version 2
]]></system-out>
  <system-err><![CDATA[]]></system-err>
</testsuite>
