<?xml version="1.0" encoding="UTF-8"?>
<testsuite name="api.stock.stock.api.auth.AuthServiceTest" tests="1" skipped="0" failures="0" errors="0" timestamp="2023-11-23T12:44:45" hostname="oduhoui-MacBookAir.local" time="0.244">
  <properties/>
  <testcase name="signIn_Success()" classname="api.stock.stock.api.auth.AuthServiceTest" time="0.244"/>
  <system-out><![CDATA[2023-11-23T21:44:45.751+09:00  INFO 76955 --- [    Test worker] t.c.s.AnnotationConfigContextLoaderUtils : Could not detect default configuration classes for test class [api.stock.stock.api.auth.AuthServiceTest]: AuthServiceTest does not declare any static, non-private, non-final, nested classes annotated with @Configuration.
2023-11-23T21:44:45.757+09:00  INFO 76955 --- [    Test worker] .b.t.c.SpringBootTestContextBootstrapper : Found @SpringBootConfiguration api.stock.stock.StockApplication for test class api.stock.stock.api.auth.AuthServiceTest
2023-11-23T21:44:46.002+09:00  INFO 76955 --- [    Test worker] a.stock.stock.api.auth.AuthServiceTest   : User: api.stock.stock.api.user.UserEntity@37f76752
2023-11-23T21:44:46.002+09:00  INFO 76955 --- [    Test worker] a.stock.stock.api.auth.AuthServiceTest   : AccessToken: eyJhbGciOiJIUzUxMiJ9.eyJzdWIiOiJ0ZXN0QGV4YW1wbGUuY29tIiwiaWF0IjoxNzAwNzQzNDg1LCJleHAiOjE3MDA3NDUyODV9.CVoG74cYRZYIyoU4oKShBulmyzaxVtS4_iyopb6K5HKJBjLFes9PYsj_gKmiaCmhDICk5dTLgYlFE5vKYN8P5w
2023-11-23T21:44:46.002+09:00  INFO 76955 --- [    Test worker] a.stock.stock.api.auth.AuthServiceTest   : RefreshToken: eyJhbGciOiJIUzUxMiJ9.eyJzdWIiOiJ0ZXN0QGV4YW1wbGUuY29tIiwiaWF0IjoxNzAwNzQzNDg1LCJleHAiOjE3MDEzNDgyODV9.aII9T4whaxe9Co2NGJT99yXH2jl53LKActp4Gm1wIV6GXapeSua6ZyjQLVUtHsxdw_fVQtZAgEX6J3X1xYcp9A
]]></system-out>
  <system-err><![CDATA[]]></system-err>
</testsuite>
